#
# A fatal error has been detected by the Java Runtime Environment:
#
#  EXCEPTION_ACCESS_VIOLATION (0xc0000005) at pc=0x00007ffd86d5005d, pid=5364, tid=7604
#
# JRE version: OpenJDK Runtime Environment Temurin-11.0.16+8 (11.0.16+8) (build 11.0.16+8)
# Java VM: OpenJDK 64-Bit Server VM Temurin-11.0.16+8 (11.0.16+8, mixed mode, tiered, compressed oops, g1 gc, windows-amd64)
# Problematic frame:
# V  [jvm.dll+0x2e005d]
#
# No core dump will be written. Minidumps are not enabled by default on client versions of Windows
#
# If you would like to submit a bug report, please visit:
#   https://github.com/adoptium/adoptium-support/issues
#

---------------  S U M M A R Y ------------

Command Line: -Dfile.encoding=ISO-8859-1 com.sta.cashtill.run.cashtill

Host: Intel(R) Core(TM) i3-3220 CPU @ 3.30GHz, 4 cores, 7G,  Windows 11 , 64 bit Build 22621 (10.0.22621.963)
Time: Tue Dec  3 10:37:59 2024 Hora estándar de Argentina elapsed time: 371.256916 seconds (0d 0h 6m 11s)

---------------  T H R E A D  ---------------

Current thread (0x000001c02dec5000):  GCTaskThread "GC Thread#2" [stack: 0x0000001beb600000,0x0000001beb700000] [id=7604]

Stack: [0x0000001beb600000,0x0000001beb700000],  sp=0x0000001beb6ff550,  free space=1021k
Native frames: (J=compiled Java code, j=interpreted, Vv=VM code, C=native code)
V  [jvm.dll+0x2e005d]
V  [jvm.dll+0x2df9e6]
V  [jvm.dll+0x2ddcc3]
V  [jvm.dll+0x2e1fee]
V  [jvm.dll+0x3075c8]
V  [jvm.dll+0x31539e]
V  [jvm.dll+0x313d5c]
V  [jvm.dll+0x2b9bf0]
V  [jvm.dll+0x2b9b11]
V  [jvm.dll+0x2e636b]
V  [jvm.dll+0x3143f6]
V  [jvm.dll+0x2e8dd9]
V  [jvm.dll+0x7dc720]
V  [jvm.dll+0x7675d4]
V  [jvm.dll+0x61e045]
C  [ucrtbase.dll+0x29363]
C  [KERNEL32.DLL+0x126bd]
C  [ntdll.dll+0x5dfb8]


siginfo: EXCEPTION_ACCESS_VIOLATION (0xc0000005), reading address 0x00000000000000f8


Register to memory mapping:

RIP=0x00007ffd86d5005d jvm.dll
RAX=0x000001c013ab0530 points into unknown readable memory: 0x0000000000000000 | 00 00 00 00 00 00 00 00
RBX=0x000001c02db621b0 points into unknown readable memory: 0x00007ffd873295b8 | b8 95 32 87 fd 7f 00 00
RCX=0x0000000000000014 is an unknown value
RDX=0x0 is NULL
RSP=0x0000001beb6ff550 points into unknown readable memory: 0x0000001beb6ff638 | 38 f6 6f eb 1b 00 00 00
RBP=0x000001c02db62320 points into unknown readable memory: 0x00007ffd87329570 | 70 95 32 87 fd 7f 00 00
RSI=0x000001c02db62320 points into unknown readable memory: 0x00007ffd87329570 | 70 95 32 87 fd 7f 00 00
RDI=0x0000000083ca5988 is pointing into object: [Ljava.lang.Object; 
{0x0000000083c9fe60} - klass: 'java/lang/Object'[]
 - length: 10240
R8 =0x0000000083ca5988 is pointing into object: [Ljava.lang.Object; 
{0x0000000083c9fe60} - klass: 'java/lang/Object'[]
 - length: 10240
R9 =0x0000000000000008 is an unknown value
R10=0x000000000000000c is an unknown value
R11=0x0000000000000001 is an unknown value
R12=0x0 is NULL
R13=0x00007ffd8732a0d0 jvm.dll
R14=0x0000000083ca59d8 is pointing into object: [Ljava.lang.Object; 
{0x0000000083c9fe60} - klass: 'java/lang/Object'[]
 - length: 10240
R15=0x00000000000016a8 is an unknown value


Registers:
RAX=0x000001c013ab0530, RBX=0x000001c02db621b0, RCX=0x0000000000000014, RDX=0x0000000000000000
RSP=0x0000001beb6ff550, RBP=0x000001c02db62320, RSI=0x000001c02db62320, RDI=0x0000000083ca5988
R8 =0x0000000083ca5988, R9 =0x0000000000000008, R10=0x000000000000000c, R11=0x0000000000000001
R12=0x0000000000000000, R13=0x00007ffd8732a0d0, R14=0x0000000083ca59d8, R15=0x00000000000016a8
RIP=0x00007ffd86d5005d, EFLAGS=0x0000000000010202

Top of Stack: (sp=0x0000001beb6ff550)
0x0000001beb6ff550:   0000001beb6ff638 00007ffd86d7870e
0x0000001beb6ff560:   0000000085d00002 00007ffd86d4dcc3
0x0000001beb6ff570:   0000000085d00002 00007ffd86d4f9e6
0x0000001beb6ff580:   000001c02db621b0 0000000083ca5871
0x0000001beb6ff590:   0000000000000032 0000000085d00002
0x0000001beb6ff5a0:   00000000000016da 00007ffd86d4dcc3
0x0000001beb6ff5b0:   0000000085d00002 000001c02db62320
0x0000001beb6ff5c0:   000001c02db621b0 00000000000016da
0x0000001beb6ff5d0:   00000000000016da 0000000000020000
0x0000001beb6ff5e0:   0000000083c9fe60 00007ffd86d51fee
0x0000001beb6ff5f0:   000000000001152c 0000000085d00002
0x0000001beb6ff600:   000001c013aa1140 00007ffd8732a0d0
0x0000001beb6ff610:   000001c013aa1140 0000000000000100
0x0000001beb6ff620:   0000000085d00002 00007ffd86d775c8
0x0000001beb6ff630:   000001c02db621b0 000001c013aa11c0
0x0000001beb6ff640:   0000000000000040 0000000082b43028 

Instructions: (pc=0x00007ffd86d5005d)
0x00007ffd86d4ff5d:   48 ff 47 20 48 8b 5c 24 30 48 83 c4 20 5f c3 cc
0x00007ffd86d4ff6d:   cc cc cc 48 89 5c 24 08 57 48 83 ec 20 48 8b 41
0x00007ffd86d4ff7d:   18 48 8b fa 48 8b 58 10 48 8b cb e8 53 7e 00 00
0x00007ffd86d4ff8d:   84 c0 75 29 48 81 c3 90 00 00 00 48 8b 4b 20 48
0x00007ffd86d4ff9d:   3b 4b 08 75 0c 48 8b cb e8 36 07 f6 ff 48 8b 4b
0x00007ffd86d4ffad:   20 48 8b 43 38 48 89 3c c8 48 ff 43 20 48 8b 5c
0x00007ffd86d4ffbd:   24 30 48 83 c4 20 5f c3 cc cc cc cc cc cc cc cc
0x00007ffd86d4ffcd:   cc cc cc 48 89 5c 24 08 57 48 83 ec 20 48 8b 79
0x00007ffd86d4ffdd:   10 48 8b da 48 83 cb 01 48 8b cf 48 8b d3 e8 f0
0x00007ffd86d4ffed:   7d 00 00 84 c0 75 29 48 81 c7 90 00 00 00 48 8b
0x00007ffd86d4fffd:   4f 20 48 3b 4f 08 75 0c 48 8b cf e8 d3 06 f6 ff
0x00007ffd86d5000d:   48 8b 4f 20 48 8b 47 38 48 89 1c c8 48 ff 47 20
0x00007ffd86d5001d:   48 8b 5c 24 30 48 83 c4 20 5f c3 cc cc cc cc cc
0x00007ffd86d5002d:   cc cc cc 40 53 48 83 ec 20 8b 82 04 01 00 00 48
0x00007ffd86d5003d:   8b d9 d1 e8 a8 01 75 6b 48 8b 41 08 8b 88 c0 02
0x00007ffd86d5004d:   00 00 48 8b 80 b0 02 00 00 49 d3 e9 4a 8b 14 c8
0x00007ffd86d5005d:   48 8b 82 f8 00 00 00 83 b8 18 01 00 00 00 74 43
0x00007ffd86d5006d:   48 8b 4b 50 48 89 7c 24 30 49 c1 e8 09 48 8b 79
0x00007ffd86d5007d:   48 48 2b 79 40 49 03 f8 48 8b d7 e8 d3 ca ff ff
0x00007ffd86d5008d:   84 c0 74 1a 80 7b 28 00 48 8d 4b 18 74 10 48 8b
0x00007ffd86d5009d:   43 50 48 8b 50 40 48 03 d7 e8 a5 91 38 00 48 8b
0x00007ffd86d500ad:   7c 24 30 48 83 c4 20 5b c3 cc cc cc cc cc cc cc
0x00007ffd86d500bd:   cc cc cc 40 53 48 83 ec 50 48 89 74 24 68 48 8b
0x00007ffd86d500cd:   d9 48 89 7c 24 70 48 8b fa 4c 89 6c 24 40 4c 89
0x00007ffd86d500dd:   74 24 38 e8 9b 5e f1 ff 48 8d 05 54 34 5d 00 48
0x00007ffd86d500ed:   89 7b 58 45 33 ed 48 89 03 48 8d 4b 68 4c 89 6b
0x00007ffd86d500fd:   48 4c 89 6b 60 e8 49 22 41 00 48 8d 4b 78 4c 8d
0x00007ffd86d5010d:   05 be ad 5b 00 48 8d 15 cf 3d 5d 00 e8 f2 2b 2e
0x00007ffd86d5011d:   00 48 8d 8b 40 01 00 00 4c 8d 05 b4 ad 5b 00 48
0x00007ffd86d5012d:   8d 15 cd 3d 5d 00 e8 d8 2b 2e 00 41 8d 55 05 4c
0x00007ffd86d5013d:   89 ab 08 02 00 00 45 33 c0 4c 89 ab 10 02 00 00
0x00007ffd86d5014d:   4c 89 ab 18 02 00 00 8d 4a 03 e8 d4 93 dd ff 48 


Stack slot to memory mapping:
stack at sp + 0 slots: 0x0000001beb6ff638 points into unknown readable memory: 0x000001c013aa11c0 | c0 11 aa 13 c0 01 00 00
stack at sp + 1 slots: 0x00007ffd86d7870e jvm.dll
stack at sp + 2 slots: 0x0000000085d00002 is pointing into object: [Ljava.lang.Object; 
{0x0000000085d00000} - klass: 'java/lang/Object'[]
 - length: 10240
stack at sp + 3 slots: 0x00007ffd86d4dcc3 jvm.dll
stack at sp + 4 slots: 0x0000000085d00002 is pointing into object: [Ljava.lang.Object; 
{0x0000000085d00000} - klass: 'java/lang/Object'[]
 - length: 10240
stack at sp + 5 slots: 0x00007ffd86d4f9e6 jvm.dll
stack at sp + 6 slots: 0x000001c02db621b0 points into unknown readable memory: 0x00007ffd873295b8 | b8 95 32 87 fd 7f 00 00
stack at sp + 7 slots: 0x0000000083ca5871 is pointing into object: [Ljava.lang.Object; 
{0x0000000083c9fe60} - klass: 'java/lang/Object'[]
 - length: 10240


---------------  P R O C E S S  ---------------

Threads class SMR info:
_java_thread_list=0x000001c02e7c1410, length=28, elements={
0x000001c013a86000, 0x000001c02cc64000, 0x000001c02cc6d000, 0x000001c02d5c0800,
0x000001c02d5c1000, 0x000001c02d5c5000, 0x000001c02cc8d000, 0x000001c02d5d0000,
0x000001c02d627800, 0x000001c02d76a000, 0x000001c02df53800, 0x000001c0306c3800,
0x000001c0308c8000, 0x000001c030d8c000, 0x000001c030d8d800, 0x000001c030d90000,
0x000001c030d8a000, 0x000001c030d8c800, 0x000001c030d8e800, 0x000001c030d90800,
0x000001c030d8f000, 0x000001c02ea9b000, 0x000001c02ea96000, 0x000001c02ea97000,
0x000001c02ea95800, 0x000001c02ea98800, 0x000001c02ea9c800, 0x000001c02ea9c000
}

Java Threads: ( => current thread )
  0x000001c013a86000 JavaThread "main" [_thread_blocked, id=7924, stack(0x0000001bea200000,0x0000001bea300000)]
  0x000001c02cc64000 JavaThread "Reference Handler" daemon [_thread_blocked, id=2624, stack(0x0000001bea900000,0x0000001beaa00000)]
  0x000001c02cc6d000 JavaThread "Finalizer" daemon [_thread_blocked, id=6968, stack(0x0000001beaa00000,0x0000001beab00000)]
  0x000001c02d5c0800 JavaThread "Signal Dispatcher" daemon [_thread_blocked, id=1252, stack(0x0000001beab00000,0x0000001beac00000)]
  0x000001c02d5c1000 JavaThread "Attach Listener" daemon [_thread_blocked, id=584, stack(0x0000001beac00000,0x0000001bead00000)]
  0x000001c02d5c5000 JavaThread "Service Thread" daemon [_thread_blocked, id=6988, stack(0x0000001bead00000,0x0000001beae00000)]
  0x000001c02cc8d000 JavaThread "C2 CompilerThread0" daemon [_thread_blocked, id=1560, stack(0x0000001beae00000,0x0000001beaf00000)]
  0x000001c02d5d0000 JavaThread "C1 CompilerThread0" daemon [_thread_blocked, id=7764, stack(0x0000001beaf00000,0x0000001beb000000)]
  0x000001c02d627800 JavaThread "Sweeper thread" daemon [_thread_blocked, id=7740, stack(0x0000001beb000000,0x0000001beb100000)]
  0x000001c02d76a000 JavaThread "Common-Cleaner" daemon [_thread_blocked, id=5232, stack(0x0000001beb200000,0x0000001beb300000)]
  0x000001c02df53800 JavaThread "HSQLDB Server @3c038999" [_thread_in_native, id=576, stack(0x0000001beb800000,0x0000001beb900000)]
  0x000001c0306c3800 JavaThread "HSQLDB Timer @79048ed4" daemon [_thread_blocked, id=4524, stack(0x0000001beb900000,0x0000001beba00000)]
  0x000001c0308c8000 JavaThread "Thread-2" daemon [_thread_blocked, id=4496, stack(0x0000001beba00000,0x0000001bebb00000)]
  0x000001c030d8c000 JavaThread "Catalina-utility-1" [_thread_blocked, id=2488, stack(0x0000001beb300000,0x0000001beb400000)]
  0x000001c030d8d800 JavaThread "Catalina-utility-2" [_thread_blocked, id=8036, stack(0x0000001bebb00000,0x0000001bebc00000)]
  0x000001c030d90000 JavaThread "http-nio-8080-exec-1" daemon [_thread_blocked, id=1028, stack(0x0000001bebc00000,0x0000001bebd00000)]
  0x000001c030d8a000 JavaThread "http-nio-8080-exec-2" daemon [_thread_blocked, id=7384, stack(0x0000001bebd00000,0x0000001bebe00000)]
  0x000001c030d8c800 JavaThread "http-nio-8080-exec-3" daemon [_thread_blocked, id=2064, stack(0x0000001bebe00000,0x0000001bebf00000)]
  0x000001c030d8e800 JavaThread "http-nio-8080-exec-4" daemon [_thread_blocked, id=4576, stack(0x0000001bebf00000,0x0000001bec000000)]
  0x000001c030d90800 JavaThread "http-nio-8080-exec-5" daemon [_thread_blocked, id=7652, stack(0x0000001bec000000,0x0000001bec100000)]
  0x000001c030d8f000 JavaThread "http-nio-8080-exec-6" daemon [_thread_blocked, id=6788, stack(0x0000001bec100000,0x0000001bec200000)]
  0x000001c02ea9b000 JavaThread "http-nio-8080-exec-7" daemon [_thread_blocked, id=7708, stack(0x0000001bec200000,0x0000001bec300000)]
  0x000001c02ea96000 JavaThread "http-nio-8080-exec-8" daemon [_thread_blocked, id=7712, stack(0x0000001bec300000,0x0000001bec400000)]
  0x000001c02ea97000 JavaThread "http-nio-8080-exec-9" daemon [_thread_blocked, id=2204, stack(0x0000001bec400000,0x0000001bec500000)]
  0x000001c02ea95800 JavaThread "http-nio-8080-exec-10" daemon [_thread_blocked, id=7596, stack(0x0000001bec500000,0x0000001bec600000)]
  0x000001c02ea98800 JavaThread "http-nio-8080-Poller" daemon [_thread_in_native, id=7496, stack(0x0000001bec600000,0x0000001bec700000)]
  0x000001c02ea9c800 JavaThread "http-nio-8080-Acceptor" daemon [_thread_in_native, id=3212, stack(0x0000001bec700000,0x0000001bec800000)]
  0x000001c02ea9c000 JavaThread "HSQLDB Connection @65571c11" [_thread_in_native, id=3812, stack(0x0000001beb400000,0x0000001beb500000)]

Other Threads:
  0x000001c02cc63800 VMThread "VM Thread" [stack: 0x0000001bea800000,0x0000001bea900000] [id=4204]
  0x000001c02d75e000 WatcherThread [stack: 0x0000001beb100000,0x0000001beb200000] [id=2100]
  0x000001c013a9f000 GCTaskThread "GC Thread#0" [stack: 0x0000001bea300000,0x0000001bea400000] [id=844]
  0x000001c02debf000 GCTaskThread "GC Thread#1" [stack: 0x0000001beb500000,0x0000001beb600000] [id=3396]
=>0x000001c02dec5000 GCTaskThread "GC Thread#2" [stack: 0x0000001beb600000,0x0000001beb700000] [id=7604]
  0x000001c02dec1800 GCTaskThread "GC Thread#3" [stack: 0x0000001beb700000,0x0000001beb800000] [id=6832]
  0x000001c013ad0800 ConcurrentGCThread "G1 Main Marker" [stack: 0x0000001bea400000,0x0000001bea500000] [id=7956]
  0x000001c013ad3800 ConcurrentGCThread "G1 Conc#0" [stack: 0x0000001bea500000,0x0000001bea600000] [id=7912]
  0x000001c02caaa800 ConcurrentGCThread "G1 Refine#0" [stack: 0x0000001bea600000,0x0000001bea700000] [id=2332]
  0x000001c02cab0000 ConcurrentGCThread "G1 Young RemSet Sampling" [stack: 0x0000001bea700000,0x0000001bea800000] [id=6088]

Threads with active compile tasks:

VM state:at safepoint (normal execution)

VM Mutex/Monitor currently owned by a thread:  ([mutex/lock_event])
[0x000001c013a83c90] Threads_lock - owner thread: 0x000001c02cc63800
[0x000001c013a81f50] Heap_lock - owner thread: 0x000001c02ea96000

Heap address: 0x0000000081a00000, size: 2022 MB, Compressed Oops mode: 32-bit
Narrow klass base: 0x0000000000000000, Narrow klass shift: 3
Compressed class space size: 1073741824 Address: 0x0000000100000000

Heap:
 garbage-first heap   total 157696K, used 122863K [0x0000000081a00000, 0x0000000100000000)
  region size 1024K, 67 young (68608K), 2 survivors (2048K)
 Metaspace       used 75934K, capacity 78410K, committed 78592K, reserved 1118208K
  class space    used 8881K, capacity 9406K, committed 9472K, reserved 1048576K
Heap Regions: E=young(eden), S=young(survivor), O=old, HS=humongous(starts), HC=humongous(continues), CS=collection set, F=free, A=archive, TAMS=top-at-mark-start (previous, next)
|   0|0x0000000081a00000, 0x0000000081b00000, 0x0000000081b00000|100%|HS|  |TAMS 0x0000000081b00000, 0x0000000081a00000| Complete 
|   1|0x0000000081b00000, 0x0000000081c00000, 0x0000000081c00000|100%| O|  |TAMS 0x0000000081c00000, 0x0000000081b00000| Untracked 
|   2|0x0000000081c00000, 0x0000000081d00000, 0x0000000081d00000|100%| O|  |TAMS 0x0000000081d00000, 0x0000000081c00000| Untracked 
|   3|0x0000000081d00000, 0x0000000081e00000, 0x0000000081e00000|100%| O|  |TAMS 0x0000000081e00000, 0x0000000081d00000| Untracked 
|   4|0x0000000081e00000, 0x0000000081f00000, 0x0000000081f00000|100%| O|  |TAMS 0x0000000081f00000, 0x0000000081e00000| Untracked 
|   5|0x0000000081f00000, 0x0000000082000000, 0x0000000082000000|100%| O|  |TAMS 0x0000000082000000, 0x0000000081f00000| Untracked 
|   6|0x0000000082000000, 0x0000000082100000, 0x0000000082100000|100%| O|  |TAMS 0x0000000082100000, 0x0000000082000000| Untracked 
|   7|0x0000000082100000, 0x0000000082200000, 0x0000000082200000|100%| O|  |TAMS 0x0000000082200000, 0x0000000082100000| Untracked 
|   8|0x0000000082200000, 0x0000000082300000, 0x0000000082300000|100%| O|  |TAMS 0x0000000082300000, 0x0000000082200000| Untracked 
|   9|0x0000000082300000, 0x0000000082400000, 0x0000000082400000|100%| O|  |TAMS 0x0000000082400000, 0x0000000082300000| Untracked 
|  10|0x0000000082400000, 0x0000000082500000, 0x0000000082500000|100%| O|  |TAMS 0x0000000082500000, 0x0000000082400000| Untracked 
|  11|0x0000000082500000, 0x0000000082600000, 0x0000000082600000|100%| O|  |TAMS 0x0000000082600000, 0x0000000082500000| Untracked 
|  12|0x0000000082600000, 0x0000000082700000, 0x0000000082700000|100%| O|  |TAMS 0x0000000082700000, 0x0000000082600000| Untracked 
|  13|0x0000000082700000, 0x0000000082800000, 0x0000000082800000|100%| O|  |TAMS 0x0000000082800000, 0x0000000082700000| Untracked 
|  14|0x0000000082800000, 0x0000000082900000, 0x0000000082900000|100%| O|  |TAMS 0x0000000082900000, 0x0000000082800000| Untracked 
|  15|0x0000000082900000, 0x0000000082a00000, 0x0000000082a00000|100%| O|  |TAMS 0x0000000082a00000, 0x0000000082900000| Untracked 
|  16|0x0000000082a00000, 0x0000000082b00000, 0x0000000082b00000|100%| O|  |TAMS 0x0000000082b00000, 0x0000000082a00000| Untracked 
|  17|0x0000000082b00000, 0x0000000082c00000, 0x0000000082c00000|100%| O|  |TAMS 0x0000000082c00000, 0x0000000082b00000| Untracked 
|  18|0x0000000082c00000, 0x0000000082d00000, 0x0000000082d00000|100%| O|  |TAMS 0x0000000082d00000, 0x0000000082c00000| Untracked 
|  19|0x0000000082d00000, 0x0000000082e00000, 0x0000000082e00000|100%| O|  |TAMS 0x0000000082e00000, 0x0000000082d00000| Untracked 
|  20|0x0000000082e00000, 0x0000000082f00000, 0x0000000082f00000|100%| O|  |TAMS 0x0000000082e00000, 0x0000000082e00000| Untracked 
|  21|0x0000000082f00000, 0x0000000083000000, 0x0000000083000000|100%|HS|  |TAMS 0x0000000082f00000, 0x0000000082f00000| Complete 
|  22|0x0000000083000000, 0x0000000083100000, 0x0000000083100000|100%| O|  |TAMS 0x0000000083000000, 0x0000000083000000| Untracked 
|  23|0x0000000083100000, 0x0000000083200000, 0x0000000083200000|100%| O|  |TAMS 0x0000000083100000, 0x0000000083100000| Untracked 
|  24|0x0000000083200000, 0x0000000083300000, 0x0000000083300000|100%| O|  |TAMS 0x0000000083300000, 0x0000000083200000| Untracked 
|  25|0x0000000083300000, 0x0000000083400000, 0x0000000083400000|100%| O|  |TAMS 0x0000000083400000, 0x0000000083300000| Untracked 
|  26|0x0000000083400000, 0x0000000083500000, 0x0000000083500000|100%| O|  |TAMS 0x0000000083500000, 0x0000000083400000| Untracked 
|  27|0x0000000083500000, 0x0000000083600000, 0x0000000083600000|100%| O|  |TAMS 0x0000000083600000, 0x0000000083500000| Untracked 
|  28|0x0000000083600000, 0x0000000083700000, 0x0000000083700000|100%| O|  |TAMS 0x0000000083700000, 0x0000000083600000| Untracked 
|  29|0x0000000083700000, 0x0000000083800000, 0x0000000083800000|100%| O|  |TAMS 0x0000000083800000, 0x0000000083700000| Untracked 
|  30|0x0000000083800000, 0x0000000083900000, 0x0000000083900000|100%| O|  |TAMS 0x0000000083800000, 0x0000000083800000| Untracked 
|  31|0x0000000083900000, 0x0000000083a00000, 0x0000000083a00000|100%| O|  |TAMS 0x0000000083a00000, 0x0000000083900000| Untracked 
|  32|0x0000000083a00000, 0x0000000083b00000, 0x0000000083b00000|100%| O|  |TAMS 0x0000000083b00000, 0x0000000083a00000| Untracked 
|  33|0x0000000083b00000, 0x0000000083c00000, 0x0000000083c00000|100%| O|  |TAMS 0x0000000083c00000, 0x0000000083b00000| Untracked 
|  34|0x0000000083c00000, 0x0000000083d00000, 0x0000000083d00000|100%| O|  |TAMS 0x0000000083c00000, 0x0000000083c00000| Untracked 
|  35|0x0000000083d00000, 0x0000000083e00000, 0x0000000083e00000|100%| O|  |TAMS 0x0000000083e00000, 0x0000000083d00000| Untracked 
|  36|0x0000000083e00000, 0x0000000083f00000, 0x0000000083f00000|100%| O|  |TAMS 0x0000000083f00000, 0x0000000083e00000| Untracked 
|  37|0x0000000083f00000, 0x0000000084000000, 0x0000000084000000|100%| O|  |TAMS 0x0000000084000000, 0x0000000083f00000| Untracked 
|  38|0x0000000084000000, 0x0000000084100000, 0x0000000084100000|100%| O|  |TAMS 0x0000000084100000, 0x0000000084000000| Untracked 
|  39|0x0000000084100000, 0x0000000084200000, 0x0000000084200000|100%| O|  |TAMS 0x0000000084200000, 0x0000000084100000| Untracked 
|  40|0x0000000084200000, 0x0000000084300000, 0x0000000084300000|100%| O|  |TAMS 0x0000000084300000, 0x0000000084200000| Untracked 
|  41|0x0000000084300000, 0x0000000084400000, 0x0000000084400000|100%| O|  |TAMS 0x0000000084400000, 0x0000000084300000| Untracked 
|  42|0x0000000084400000, 0x0000000084500000, 0x0000000084500000|100%| O|  |TAMS 0x0000000084500000, 0x0000000084400000| Untracked 
|  43|0x0000000084500000, 0x0000000084600000, 0x0000000084600000|100%| O|  |TAMS 0x0000000084600000, 0x0000000084500000| Untracked 
|  44|0x0000000084600000, 0x0000000084700000, 0x0000000084700000|100%| O|  |TAMS 0x0000000084647c00, 0x0000000084600000| Untracked 
|  45|0x0000000084700000, 0x0000000084800000, 0x0000000084800000|100%| O|  |TAMS 0x0000000084700000, 0x0000000084700000| Untracked 
|  46|0x0000000084800000, 0x0000000084900000, 0x0000000084900000|100%| O|  |TAMS 0x0000000084800000, 0x0000000084800000| Untracked 
|  47|0x0000000084900000, 0x0000000084a00000, 0x0000000084a00000|100%| O|  |TAMS 0x0000000084900000, 0x0000000084900000| Untracked 
|  48|0x0000000084a00000, 0x0000000084b00000, 0x0000000084b00000|100%| O|  |TAMS 0x0000000084a00000, 0x0000000084a00000| Untracked 
|  49|0x0000000084b00000, 0x0000000084b24f90, 0x0000000084c00000| 14%| O|  |TAMS 0x0000000084b00000, 0x0000000084b00000| Untracked 
|  50|0x0000000084c00000, 0x0000000084c00000, 0x0000000084d00000|  0%| F|  |TAMS 0x0000000084c00000, 0x0000000084c00000| Untracked 
|  51|0x0000000084d00000, 0x0000000084d00000, 0x0000000084e00000|  0%| F|  |TAMS 0x0000000084d00000, 0x0000000084d00000| Untracked 
|  52|0x0000000084e00000, 0x0000000084e00000, 0x0000000084f00000|  0%| F|  |TAMS 0x0000000084e00000, 0x0000000084e00000| Untracked 
|  53|0x0000000084f00000, 0x0000000084f00000, 0x0000000085000000|  0%| F|  |TAMS 0x0000000084f00000, 0x0000000084f00000| Untracked 
|  54|0x0000000085000000, 0x0000000085000000, 0x0000000085100000|  0%| F|  |TAMS 0x0000000085000000, 0x0000000085000000| Untracked 
|  55|0x0000000085100000, 0x0000000085100000, 0x0000000085200000|  0%| F|  |TAMS 0x0000000085100000, 0x0000000085100000| Untracked 
|  56|0x0000000085200000, 0x0000000085200000, 0x0000000085300000|  0%| F|  |TAMS 0x0000000085200000, 0x0000000085200000| Untracked 
|  57|0x0000000085300000, 0x0000000085300000, 0x0000000085400000|  0%| F|  |TAMS 0x0000000085300000, 0x0000000085300000| Untracked 
|  58|0x0000000085400000, 0x0000000085400000, 0x0000000085500000|  0%| F|  |TAMS 0x0000000085400000, 0x0000000085400000| Untracked 
|  59|0x0000000085500000, 0x0000000085500000, 0x0000000085600000|  0%| F|  |TAMS 0x0000000085500000, 0x0000000085500000| Untracked 
|  60|0x0000000085600000, 0x0000000085600000, 0x0000000085700000|  0%| F|  |TAMS 0x0000000085600000, 0x0000000085600000| Untracked 
|  61|0x0000000085700000, 0x0000000085700000, 0x0000000085800000|  0%| F|  |TAMS 0x0000000085700000, 0x0000000085700000| Untracked 
|  62|0x0000000085800000, 0x0000000085800000, 0x0000000085900000|  0%| F|  |TAMS 0x0000000085800000, 0x0000000085800000| Untracked 
|  63|0x0000000085900000, 0x0000000085900000, 0x0000000085a00000|  0%| F|  |TAMS 0x0000000085900000, 0x0000000085900000| Untracked 
|  64|0x0000000085a00000, 0x0000000085a00000, 0x0000000085b00000|  0%| F|  |TAMS 0x0000000085a00000, 0x0000000085a00000| Untracked 
|  65|0x0000000085b00000, 0x0000000085b00000, 0x0000000085c00000|  0%| F|  |TAMS 0x0000000085b00000, 0x0000000085b00000| Untracked 
|  66|0x0000000085c00000, 0x0000000085c00000, 0x0000000085d00000|  0%| F|  |TAMS 0x0000000085c00000, 0x0000000085c00000| Untracked 
|  67|0x0000000085d00000, 0x0000000085e00000, 0x0000000085e00000|100%| E|CS|TAMS 0x0000000085d00000, 0x0000000085d00000| Complete 
|  68|0x0000000085e00000, 0x0000000085f00000, 0x0000000085f00000|100%| E|CS|TAMS 0x0000000085e00000, 0x0000000085e00000| Complete 
|  69|0x0000000085f00000, 0x0000000086000000, 0x0000000086000000|100%| E|CS|TAMS 0x0000000085f00000, 0x0000000085f00000| Complete 
|  70|0x0000000086000000, 0x0000000086100000, 0x0000000086100000|100%| E|CS|TAMS 0x0000000086000000, 0x0000000086000000| Complete 
|  71|0x0000000086100000, 0x0000000086200000, 0x0000000086200000|100%| E|CS|TAMS 0x0000000086100000, 0x0000000086100000| Complete 
|  72|0x0000000086200000, 0x0000000086300000, 0x0000000086300000|100%| E|CS|TAMS 0x0000000086200000, 0x0000000086200000| Complete 
|  73|0x0000000086300000, 0x0000000086400000, 0x0000000086400000|100%| E|CS|TAMS 0x0000000086300000, 0x0000000086300000| Complete 
|  74|0x0000000086400000, 0x0000000086500000, 0x0000000086500000|100%| E|CS|TAMS 0x0000000086400000, 0x0000000086400000| Complete 
|  75|0x0000000086500000, 0x0000000086500000, 0x0000000086600000|  0%| F|  |TAMS 0x0000000086500000, 0x0000000086500000| Untracked 
|  76|0x0000000086600000, 0x0000000086600000, 0x0000000086700000|  0%| F|  |TAMS 0x0000000086600000, 0x0000000086600000| Untracked 
|  77|0x0000000086700000, 0x0000000086700000, 0x0000000086800000|  0%| F|  |TAMS 0x0000000086700000, 0x0000000086700000| Untracked 
|  78|0x0000000086800000, 0x0000000086800000, 0x0000000086900000|  0%| F|  |TAMS 0x0000000086800000, 0x0000000086800000| Untracked 
|  79|0x0000000086900000, 0x0000000086900000, 0x0000000086a00000|  0%| F|  |TAMS 0x0000000086900000, 0x0000000086900000| Untracked 
|  80|0x0000000086a00000, 0x0000000086b00000, 0x0000000086b00000|100%| E|CS|TAMS 0x0000000086a00000, 0x0000000086a00000| Complete 
|  81|0x0000000086b00000, 0x0000000086c00000, 0x0000000086c00000|100%| E|CS|TAMS 0x0000000086b00000, 0x0000000086b00000| Complete 
|  82|0x0000000086c00000, 0x0000000086c00000, 0x0000000086d00000|  0%| F|  |TAMS 0x0000000086c00000, 0x0000000086c00000| Untracked 
|  83|0x0000000086d00000, 0x0000000086d00000, 0x0000000086e00000|  0%| F|  |TAMS 0x0000000086d00000, 0x0000000086d00000| Untracked 
|  84|0x0000000086e00000, 0x0000000086e00000, 0x0000000086f00000|  0%| F|  |TAMS 0x0000000086e00000, 0x0000000086e00000| Untracked 
|  85|0x0000000086f00000, 0x0000000086f00000, 0x0000000087000000|  0%| F|  |TAMS 0x0000000086f00000, 0x0000000086f00000| Untracked 
|  86|0x0000000087000000, 0x0000000087000000, 0x0000000087100000|  0%| F|  |TAMS 0x0000000087000000, 0x0000000087000000| Untracked 
|  87|0x0000000087100000, 0x0000000087183820, 0x0000000087200000| 51%| S|  |TAMS 0x0000000087100000, 0x0000000087100000| Complete 
|  88|0x0000000087200000, 0x0000000087300000, 0x0000000087300000|100%| S|  |TAMS 0x0000000087200000, 0x0000000087200000| Complete 
|  89|0x0000000087300000, 0x0000000087400000, 0x0000000087400000|100%| E|CS|TAMS 0x0000000087300000, 0x0000000087300000| Complete 
|  90|0x0000000087400000, 0x0000000087500000, 0x0000000087500000|100%| E|CS|TAMS 0x0000000087400000, 0x0000000087400000| Complete 
|  91|0x0000000087500000, 0x0000000087600000, 0x0000000087600000|100%| E|CS|TAMS 0x0000000087500000, 0x0000000087500000| Complete 
|  92|0x0000000087600000, 0x0000000087700000, 0x0000000087700000|100%| E|CS|TAMS 0x0000000087600000, 0x0000000087600000| Complete 
|  93|0x0000000087700000, 0x0000000087800000, 0x0000000087800000|100%| E|CS|TAMS 0x0000000087700000, 0x0000000087700000| Complete 
|  94|0x0000000087800000, 0x0000000087900000, 0x0000000087900000|100%| E|CS|TAMS 0x0000000087800000, 0x0000000087800000| Complete 
|  95|0x0000000087900000, 0x0000000087a00000, 0x0000000087a00000|100%| E|CS|TAMS 0x0000000087900000, 0x0000000087900000| Complete 
|  96|0x0000000087a00000, 0x0000000087b00000, 0x0000000087b00000|100%| E|CS|TAMS 0x0000000087a00000, 0x0000000087a00000| Complete 
|  97|0x0000000087b00000, 0x0000000087c00000, 0x0000000087c00000|100%| E|CS|TAMS 0x0000000087b00000, 0x0000000087b00000| Complete 
|  98|0x0000000087c00000, 0x0000000087d00000, 0x0000000087d00000|100%| E|CS|TAMS 0x0000000087c00000, 0x0000000087c00000| Complete 
|  99|0x0000000087d00000, 0x0000000087e00000, 0x0000000087e00000|100%| E|CS|TAMS 0x0000000087d00000, 0x0000000087d00000| Complete 
| 100|0x0000000087e00000, 0x0000000087f00000, 0x0000000087f00000|100%| E|CS|TAMS 0x0000000087e00000, 0x0000000087e00000| Complete 
| 101|0x0000000087f00000, 0x0000000088000000, 0x0000000088000000|100%| E|CS|TAMS 0x0000000087f00000, 0x0000000087f00000| Complete 
| 102|0x0000000088000000, 0x0000000088100000, 0x0000000088100000|100%| E|CS|TAMS 0x0000000088000000, 0x0000000088000000| Complete 
| 103|0x0000000088100000, 0x0000000088200000, 0x0000000088200000|100%| E|CS|TAMS 0x0000000088100000, 0x0000000088100000| Complete 
| 104|0x0000000088200000, 0x0000000088300000, 0x0000000088300000|100%| E|CS|TAMS 0x0000000088200000, 0x0000000088200000| Complete 
| 105|0x0000000088300000, 0x0000000088400000, 0x0000000088400000|100%| E|CS|TAMS 0x0000000088300000, 0x0000000088300000| Complete 
| 106|0x0000000088400000, 0x0000000088500000, 0x0000000088500000|100%| E|CS|TAMS 0x0000000088400000, 0x0000000088400000| Complete 
| 107|0x0000000088500000, 0x0000000088600000, 0x0000000088600000|100%| E|CS|TAMS 0x0000000088500000, 0x0000000088500000| Complete 
| 108|0x0000000088600000, 0x0000000088700000, 0x0000000088700000|100%| E|CS|TAMS 0x0000000088600000, 0x0000000088600000| Complete 
| 109|0x0000000088700000, 0x0000000088800000, 0x0000000088800000|100%| E|CS|TAMS 0x0000000088700000, 0x0000000088700000| Complete 
| 110|0x0000000088800000, 0x0000000088900000, 0x0000000088900000|100%| E|CS|TAMS 0x0000000088800000, 0x0000000088800000| Complete 
| 111|0x0000000088900000, 0x0000000088a00000, 0x0000000088a00000|100%| E|CS|TAMS 0x0000000088900000, 0x0000000088900000| Complete 
| 112|0x0000000088a00000, 0x0000000088b00000, 0x0000000088b00000|100%| E|CS|TAMS 0x0000000088a00000, 0x0000000088a00000| Complete 
| 113|0x0000000088b00000, 0x0000000088c00000, 0x0000000088c00000|100%| E|CS|TAMS 0x0000000088b00000, 0x0000000088b00000| Complete 
| 114|0x0000000088c00000, 0x0000000088d00000, 0x0000000088d00000|100%| E|CS|TAMS 0x0000000088c00000, 0x0000000088c00000| Complete 
| 115|0x0000000088d00000, 0x0000000088e00000, 0x0000000088e00000|100%| E|CS|TAMS 0x0000000088d00000, 0x0000000088d00000| Complete 
| 116|0x0000000088e00000, 0x0000000088f00000, 0x0000000088f00000|100%| E|CS|TAMS 0x0000000088e00000, 0x0000000088e00000| Complete 
| 117|0x0000000088f00000, 0x0000000089000000, 0x0000000089000000|100%| E|CS|TAMS 0x0000000088f00000, 0x0000000088f00000| Complete 
| 118|0x0000000089000000, 0x0000000089100000, 0x0000000089100000|100%| E|CS|TAMS 0x0000000089000000, 0x0000000089000000| Complete 
| 119|0x0000000089100000, 0x0000000089200000, 0x0000000089200000|100%| E|CS|TAMS 0x0000000089100000, 0x0000000089100000| Complete 
| 120|0x0000000089200000, 0x0000000089300000, 0x0000000089300000|100%| E|CS|TAMS 0x0000000089200000, 0x0000000089200000| Complete 
| 121|0x0000000089300000, 0x0000000089400000, 0x0000000089400000|100%| E|CS|TAMS 0x0000000089300000, 0x0000000089300000| Complete 
| 122|0x0000000089400000, 0x0000000089500000, 0x0000000089500000|100%| E|CS|TAMS 0x0000000089400000, 0x0000000089400000| Complete 
| 123|0x0000000089500000, 0x0000000089600000, 0x0000000089600000|100%| E|CS|TAMS 0x0000000089500000, 0x0000000089500000| Complete 
| 124|0x0000000089600000, 0x0000000089700000, 0x0000000089700000|100%| E|CS|TAMS 0x0000000089600000, 0x0000000089600000| Complete 
| 125|0x0000000089700000, 0x0000000089800000, 0x0000000089800000|100%| E|CS|TAMS 0x0000000089700000, 0x0000000089700000| Complete 
| 126|0x0000000089800000, 0x0000000089900000, 0x0000000089900000|100%| E|CS|TAMS 0x0000000089800000, 0x0000000089800000| Complete 
| 127|0x0000000089900000, 0x0000000089a00000, 0x0000000089a00000|100%| E|CS|TAMS 0x0000000089900000, 0x0000000089900000| Complete 
| 128|0x0000000089a00000, 0x0000000089b00000, 0x0000000089b00000|100%| E|CS|TAMS 0x0000000089a00000, 0x0000000089a00000| Complete 
| 129|0x0000000089b00000, 0x0000000089c00000, 0x0000000089c00000|100%| E|CS|TAMS 0x0000000089b00000, 0x0000000089b00000| Complete 
| 130|0x0000000089c00000, 0x0000000089d00000, 0x0000000089d00000|100%| E|CS|TAMS 0x0000000089c00000, 0x0000000089c00000| Complete 
| 131|0x0000000089d00000, 0x0000000089e00000, 0x0000000089e00000|100%| E|CS|TAMS 0x0000000089d00000, 0x0000000089d00000| Complete 
| 132|0x0000000089e00000, 0x0000000089f00000, 0x0000000089f00000|100%| E|CS|TAMS 0x0000000089e00000, 0x0000000089e00000| Complete 
| 133|0x0000000089f00000, 0x000000008a000000, 0x000000008a000000|100%| E|CS|TAMS 0x0000000089f00000, 0x0000000089f00000| Complete 
| 134|0x000000008a000000, 0x000000008a100000, 0x000000008a100000|100%| E|CS|TAMS 0x000000008a000000, 0x000000008a000000| Complete 
| 135|0x000000008a100000, 0x000000008a200000, 0x000000008a200000|100%| E|CS|TAMS 0x000000008a100000, 0x000000008a100000| Complete 
| 136|0x000000008a200000, 0x000000008a300000, 0x000000008a300000|100%| E|CS|TAMS 0x000000008a200000, 0x000000008a200000| Complete 
| 137|0x000000008a300000, 0x000000008a400000, 0x000000008a400000|100%| E|CS|TAMS 0x000000008a300000, 0x000000008a300000| Complete 
| 138|0x000000008a400000, 0x000000008a500000, 0x000000008a500000|100%| E|CS|TAMS 0x000000008a400000, 0x000000008a400000| Complete 
| 139|0x000000008a500000, 0x000000008a600000, 0x000000008a600000|100%| E|CS|TAMS 0x000000008a500000, 0x000000008a500000| Complete 
| 140|0x000000008a600000, 0x000000008a700000, 0x000000008a700000|100%| E|CS|TAMS 0x000000008a600000, 0x000000008a600000| Complete 
| 141|0x000000008a700000, 0x000000008a800000, 0x000000008a800000|100%| E|CS|TAMS 0x000000008a700000, 0x000000008a700000| Complete 
| 142|0x000000008a800000, 0x000000008a900000, 0x000000008a900000|100%| E|CS|TAMS 0x000000008a800000, 0x000000008a800000| Complete 
| 143|0x000000008a900000, 0x000000008aa00000, 0x000000008aa00000|100%| E|CS|TAMS 0x000000008a900000, 0x000000008a900000| Complete 
| 144|0x000000008aa00000, 0x000000008ab00000, 0x000000008ab00000|100%| E|CS|TAMS 0x000000008aa00000, 0x000000008aa00000| Complete 
| 145|0x000000008ab00000, 0x000000008ac00000, 0x000000008ac00000|100%| E|CS|TAMS 0x000000008ab00000, 0x000000008ab00000| Complete 
| 146|0x000000008ac00000, 0x000000008ad00000, 0x000000008ad00000|100%| E|CS|TAMS 0x000000008ac00000, 0x000000008ac00000| Complete 
| 147|0x000000008ad00000, 0x000000008ae00000, 0x000000008ae00000|100%| E|CS|TAMS 0x000000008ad00000, 0x000000008ad00000| Complete 
| 148|0x000000008ae00000, 0x000000008af00000, 0x000000008af00000|100%| E|CS|TAMS 0x000000008ae00000, 0x000000008ae00000| Complete 
| 149|0x000000008af00000, 0x000000008b000000, 0x000000008b000000|100%| E|CS|TAMS 0x000000008af00000, 0x000000008af00000| Complete 
| 150|0x000000008b000000, 0x000000008b100000, 0x000000008b100000|100%| E|CS|TAMS 0x000000008b000000, 0x000000008b000000| Complete 
| 151|0x000000008b100000, 0x000000008b200000, 0x000000008b200000|100%| E|CS|TAMS 0x000000008b100000, 0x000000008b100000| Complete 
| 152|0x000000008b200000, 0x000000008b300000, 0x000000008b300000|100%| E|CS|TAMS 0x000000008b200000, 0x000000008b200000| Complete 
| 153|0x000000008b300000, 0x000000008b400000, 0x000000008b400000|100%| E|CS|TAMS 0x000000008b300000, 0x000000008b300000| Complete 

Card table byte_map: [0x000001c026020000,0x000001c026420000] _byte_map_base: 0x000001c025c13000

Marking Bits (Prev, Next): (CMBitMap*) 0x000001c013ac7cf0, (CMBitMap*) 0x000001c013ac7cb8
 Prev Bits: [0x000001c0287c0000, 0x000001c02a758000)
 Next Bits: [0x000001c026820000, 0x000001c0287b8000)

Polling page: 0x000001c011a30000

Metaspace:

Usage:
  Non-class:     67.39 MB capacity,    65.48 MB ( 97%) used,     1.74 MB (  3%) free+waste,   170.50 KB ( <1%) overhead. 
      Class:      9.19 MB capacity,     8.67 MB ( 94%) used,   449.83 KB (  5%) free+waste,    74.38 KB ( <1%) overhead. 
       Both:     76.57 MB capacity,    74.15 MB ( 97%) used,     2.18 MB (  3%) free+waste,   244.88 KB ( <1%) overhead. 

Virtual space:
  Non-class space:       68.00 MB reserved,      67.50 MB (>99%) committed 
      Class space:        1.00 GB reserved,       9.25 MB ( <1%) committed 
             Both:        1.07 GB reserved,      76.75 MB (  7%) committed 

Chunk freelists:
   Non-Class:  52.00 KB
       Class:  0 bytes
        Both:  52.00 KB

MaxMetaspaceSize: 17179869184.00 GB
CompressedClassSpaceSize: 1.00 GB
Initial GC threshold: 20.80 MB
Current GC threshold: 98.34 MB
CDS: off

CodeHeap 'non-profiled nmethods': size=120064Kb used=5412Kb max_used=5412Kb free=114651Kb
 bounds [0x000001c01e6e0000, 0x000001c01ec30000, 0x000001c025c20000]
CodeHeap 'profiled nmethods': size=120000Kb used=19389Kb max_used=19389Kb free=100610Kb
 bounds [0x000001c0171b0000, 0x000001c0184a0000, 0x000001c01e6e0000]
CodeHeap 'non-nmethods': size=5696Kb used=1391Kb max_used=1446Kb free=4304Kb
 bounds [0x000001c016c20000, 0x000001c016e90000, 0x000001c0171b0000]
 total_blobs=8596 nmethods=7885 adapters=622
 compilation: enabled
              stopped_count=0, restarted_count=0
 full_count=0

Compilation events (20 events):
Event: 338.356 Thread 0x000001c02d5d0000 7922  s    3       sun.nio.ch.WindowsSelectorImpl$StartLock::startThreads (15 bytes)
Event: 338.356 Thread 0x000001c02d5d0000 nmethod 7922 0x000001c01849a810 code [0x000001c01849a9c0, 0x000001c01849ac68]
Event: 338.356 Thread 0x000001c02d5d0000 7923       3       java.nio.channels.spi.AbstractSelector::begin (48 bytes)
Event: 338.356 Thread 0x000001c02d5d0000 nmethod 7923 0x000001c01849ad10 code [0x000001c01849af40, 0x000001c01849b878]
Event: 339.353 Thread 0x000001c02d5d0000 7924       3       sun.nio.ch.WindowsSelectorImpl$SubSelector::processSelectedKeys (75 bytes)
Event: 339.353 Thread 0x000001c02d5d0000 nmethod 7924 0x000001c01849bb90 code [0x000001c01849bd60, 0x000001c01849bf68]
Event: 366.613 Thread 0x000001c02cc8d000 7925       4       java.lang.Thread::interrupted (8 bytes)
Event: 366.613 Thread 0x000001c02cc8d000 nmethod 7925 0x000001c01ec28990 code [0x000001c01ec28b20, 0x000001c01ec28ba8]
Event: 371.223 Thread 0x000001c02cc8d000 7926       4       java.util.concurrent.atomic.AtomicLong::incrementAndGet (14 bytes)
Event: 371.224 Thread 0x000001c02cc8d000 nmethod 7926 0x000001c01ec28c90 code [0x000001c01ec28e20, 0x000001c01ec28e98]
Event: 371.224 Thread 0x000001c02d5d0000 7927       3       java.lang.invoke.VarHandleGuards::guard_LI_I (63 bytes)
Event: 371.226 Thread 0x000001c02d5d0000 nmethod 7927 0x000001c01849c090 code [0x000001c01849c340, 0x000001c01849d2c8]
Event: 371.226 Thread 0x000001c02d5d0000 7931       3       org.apache.catalina.util.FilterUtil::matchFiltersURL (61 bytes)
Event: 371.226 Thread 0x000001c02d5d0000 nmethod 7931 0x000001c01849d810 code [0x000001c01849da00, 0x000001c01849de48]
Event: 371.226 Thread 0x000001c02d5d0000 7928       3       java.lang.invoke.VarHandleInts$FieldInstanceReadWrite::getAndSet (23 bytes)
Event: 371.227 Thread 0x000001c02d5d0000 nmethod 7928 0x000001c01849e010 code [0x000001c01849e220, 0x000001c01849e6a8]
Event: 371.227 Thread 0x000001c02d5d0000 7929       3       sun.nio.ch.SelectionKeyImpl::ensureValid (16 bytes)
Event: 371.227 Thread 0x000001c02d5d0000 nmethod 7929 0x000001c01849e890 code [0x000001c01849ea60, 0x000001c01849ec88]
Event: 371.228 Thread 0x000001c02d5d0000 7932       3       java.lang.StringUTF16::inflate (42 bytes)
Event: 371.229 Thread 0x000001c02d5d0000 nmethod 7932 0x000001c01849ed90 code [0x000001c01849ef60, 0x000001c01849f268]

GC Heap History (20 events):
Event: 11.743 GC heap after
{Heap after GC invocations=10 (full 0):
 garbage-first heap   total 157696K, used 33925K [0x0000000081a00000, 0x0000000100000000)
  region size 1024K, 8 young (8192K), 8 survivors (8192K)
 Metaspace       used 33271K, capacity 33946K, committed 34176K, reserved 1079296K
  class space    used 3439K, capacity 3702K, committed 3712K, reserved 1048576K
}
Event: 12.343 GC heap before
{Heap before GC invocations=10 (full 0):
 garbage-first heap   total 157696K, used 71813K [0x0000000081a00000, 0x0000000100000000)
  region size 1024K, 46 young (47104K), 8 survivors (8192K)
 Metaspace       used 35089K, capacity 35797K, committed 35840K, reserved 1081344K
  class space    used 3666K, capacity 3954K, committed 3968K, reserved 1048576K
}
Event: 12.352 GC heap after
{Heap after GC invocations=11 (full 0):
 garbage-first heap   total 157696K, used 36717K [0x0000000081a00000, 0x0000000100000000)
  region size 1024K, 3 young (3072K), 3 survivors (3072K)
 Metaspace       used 35089K, capacity 35797K, committed 35840K, reserved 1081344K
  class space    used 3666K, capacity 3954K, committed 3968K, reserved 1048576K
}
Event: 13.768 GC heap before
{Heap before GC invocations=12 (full 0):
 garbage-first heap   total 157696K, used 106349K [0x0000000081a00000, 0x0000000100000000)
  region size 1024K, 72 young (73728K), 3 survivors (3072K)
 Metaspace       used 41292K, capacity 42032K, committed 42112K, reserved 1087488K
  class space    used 4403K, capacity 4687K, committed 4736K, reserved 1048576K
}
Event: 13.771 GC heap after
{Heap after GC invocations=13 (full 0):
 garbage-first heap   total 157696K, used 37462K [0x0000000081a00000, 0x0000000100000000)
  region size 1024K, 4 young (4096K), 4 survivors (4096K)
 Metaspace       used 41292K, capacity 42032K, committed 42112K, reserved 1087488K
  class space    used 4403K, capacity 4687K, committed 4736K, reserved 1048576K
}
Event: 15.865 GC heap before
{Heap before GC invocations=13 (full 0):
 garbage-first heap   total 157696K, used 111190K [0x0000000081a00000, 0x0000000100000000)
  region size 1024K, 76 young (77824K), 4 survivors (4096K)
 Metaspace       used 48237K, capacity 49154K, committed 49280K, reserved 1093632K
  class space    used 5537K, capacity 5912K, committed 6016K, reserved 1048576K
}
Event: 15.870 GC heap after
{Heap after GC invocations=14 (full 0):
 garbage-first heap   total 157696K, used 39268K [0x0000000081a00000, 0x0000000100000000)
  region size 1024K, 6 young (6144K), 6 survivors (6144K)
 Metaspace       used 48237K, capacity 49154K, committed 49280K, reserved 1093632K
  class space    used 5537K, capacity 5912K, committed 6016K, reserved 1048576K
}
Event: 17.356 GC heap before
{Heap before GC invocations=14 (full 0):
 garbage-first heap   total 157696K, used 115044K [0x0000000081a00000, 0x0000000100000000)
  region size 1024K, 80 young (81920K), 6 survivors (6144K)
 Metaspace       used 53608K, capacity 54508K, committed 54784K, reserved 1097728K
  class space    used 6223K, capacity 6585K, committed 6656K, reserved 1048576K
}
Event: 17.362 GC heap after
{Heap after GC invocations=15 (full 0):
 garbage-first heap   total 157696K, used 44770K [0x0000000081a00000, 0x0000000100000000)
  region size 1024K, 10 young (10240K), 10 survivors (10240K)
 Metaspace       used 53608K, capacity 54508K, committed 54784K, reserved 1097728K
  class space    used 6223K, capacity 6585K, committed 6656K, reserved 1048576K
}
Event: 18.981 GC heap before
{Heap before GC invocations=15 (full 0):
 garbage-first heap   total 157696K, used 116450K [0x0000000081a00000, 0x0000000100000000)
  region size 1024K, 81 young (82944K), 10 survivors (10240K)
 Metaspace       used 59094K, capacity 60085K, committed 60160K, reserved 1101824K
  class space    used 7121K, capacity 7498K, committed 7552K, reserved 1048576K
}
Event: 18.997 GC heap after
{Heap after GC invocations=16 (full 0):
 garbage-first heap   total 157696K, used 47377K [0x0000000081a00000, 0x0000000100000000)
  region size 1024K, 2 young (2048K), 2 survivors (2048K)
 Metaspace       used 59094K, capacity 60085K, committed 60160K, reserved 1101824K
  class space    used 7121K, capacity 7498K, committed 7552K, reserved 1048576K
}
Event: 20.586 GC heap before
{Heap before GC invocations=17 (full 0):
 garbage-first heap   total 157696K, used 120081K [0x0000000081a00000, 0x0000000100000000)
  region size 1024K, 73 young (74752K), 2 survivors (2048K)
 Metaspace       used 64643K, capacity 65822K, committed 66176K, reserved 1107968K
  class space    used 7781K, capacity 8214K, committed 8320K, reserved 1048576K
}
Event: 20.600 GC heap after
{Heap after GC invocations=18 (full 0):
 garbage-first heap   total 157696K, used 49429K [0x0000000081a00000, 0x0000000100000000)
  region size 1024K, 4 young (4096K), 4 survivors (4096K)
 Metaspace       used 64643K, capacity 65822K, committed 66176K, reserved 1107968K
  class space    used 7781K, capacity 8214K, committed 8320K, reserved 1048576K
}
Event: 20.730 GC heap before
{Heap before GC invocations=18 (full 0):
 garbage-first heap   total 157696K, used 52501K [0x0000000081a00000, 0x0000000100000000)
  region size 1024K, 7 young (7168K), 4 survivors (4096K)
 Metaspace       used 65468K, capacity 66673K, committed 66944K, reserved 1107968K
  class space    used 7868K, capacity 8264K, committed 8320K, reserved 1048576K
}
Event: 20.736 GC heap after
{Heap after GC invocations=19 (full 0):
 garbage-first heap   total 157696K, used 44631K [0x0000000081a00000, 0x0000000100000000)
  region size 1024K, 1 young (1024K), 1 survivors (1024K)
 Metaspace       used 65468K, capacity 66673K, committed 66944K, reserved 1107968K
  class space    used 7868K, capacity 8264K, committed 8320K, reserved 1048576K
}
Event: 24.350 GC heap before
{Heap before GC invocations=19 (full 0):
 garbage-first heap   total 157696K, used 118359K [0x0000000081a00000, 0x0000000100000000)
  region size 1024K, 74 young (75776K), 1 survivors (1024K)
 Metaspace       used 72570K, capacity 74396K, committed 74624K, reserved 1114112K
  class space    used 8617K, capacity 9057K, committed 9088K, reserved 1048576K
}
Event: 24.359 GC heap after
{Heap after GC invocations=20 (full 0):
 garbage-first heap   total 157696K, used 48784K [0x0000000081a00000, 0x0000000100000000)
  region size 1024K, 5 young (5120K), 5 survivors (5120K)
 Metaspace       used 72570K, capacity 74396K, committed 74624K, reserved 1114112K
  class space    used 8617K, capacity 9057K, committed 9088K, reserved 1048576K
}
Event: 41.499 GC heap before
{Heap before GC invocations=20 (full 0):
 garbage-first heap   total 157696K, used 123536K [0x0000000081a00000, 0x0000000100000000)
  region size 1024K, 77 young (78848K), 5 survivors (5120K)
 Metaspace       used 75048K, capacity 77316K, committed 77440K, reserved 1118208K
  class space    used 8844K, capacity 9300K, committed 9344K, reserved 1048576K
}
Event: 41.514 GC heap after
{Heap after GC invocations=21 (full 0):
 garbage-first heap   total 157696K, used 56303K [0x0000000081a00000, 0x0000000100000000)
  region size 1024K, 10 young (10240K), 10 survivors (10240K)
 Metaspace       used 75048K, capacity 77316K, committed 77440K, reserved 1118208K
  class space    used 8844K, capacity 9300K, committed 9344K, reserved 1048576K
}
Event: 371.240 GC heap before
{Heap before GC invocations=21 (full 0):
 garbage-first heap   total 157696K, used 121839K [0x0000000081a00000, 0x0000000100000000)
  region size 1024K, 75 young (76800K), 10 survivors (10240K)
 Metaspace       used 75934K, capacity 78410K, committed 78592K, reserved 1118208K
  class space    used 8881K, capacity 9406K, committed 9472K, reserved 1048576K
}

Deoptimization events (20 events):
Event: 221.867 Thread 0x000001c02ea99800 Uncommon trap: trap_request=0xffffff4d fr.pc=0x000001c01ea33ee0 relative=0x0000000000001480
Event: 221.867 Thread 0x000001c02ea99800 Uncommon trap: reason=unstable_if action=reinterpret pc=0x000001c01ea33ee0 method=org.hsqldb.types.CharacterType.compare(Lorg/hsqldb/Session;Ljava/lang/Object;Ljava/lang/Object;I)I @ 145 c2
Event: 221.867 Thread 0x000001c02ea99800 DEOPT PACKING pc=0x000001c01ea33ee0 sp=0x0000001be9ffe650
Event: 221.867 Thread 0x000001c02ea99800 DEOPT UNPACKING pc=0x000001c016c6a1af sp=0x0000001be9ffe610 mode 2
Event: 226.109 Thread 0x000001c02ea99800 Uncommon trap: trap_request=0xffffffc6 fr.pc=0x000001c01ea303d8 relative=0x0000000000000398
Event: 226.109 Thread 0x000001c02ea99800 Uncommon trap: reason=bimorphic_or_optimized_type_check action=maybe_recompile pc=0x000001c01ea303d8 method=org.hsqldb.lib.HsqlByteArrayOutputStream.write(I)V @ 2 c2
Event: 226.109 Thread 0x000001c02ea99800 DEOPT PACKING pc=0x000001c01ea303d8 sp=0x0000001be9ffe590
Event: 226.109 Thread 0x000001c02ea99800 DEOPT UNPACKING pc=0x000001c016c6a1af sp=0x0000001be9ffe568 mode 2
Event: 226.109 Thread 0x000001c02ea99800 Uncommon trap: trap_request=0xffffffc6 fr.pc=0x000001c01ea303d8 relative=0x0000000000000398
Event: 226.109 Thread 0x000001c02ea99800 Uncommon trap: reason=bimorphic_or_optimized_type_check action=maybe_recompile pc=0x000001c01ea303d8 method=org.hsqldb.lib.HsqlByteArrayOutputStream.write(I)V @ 2 c2
Event: 226.109 Thread 0x000001c02ea99800 DEOPT PACKING pc=0x000001c01ea303d8 sp=0x0000001be9ffe590
Event: 226.109 Thread 0x000001c02ea99800 DEOPT UNPACKING pc=0x000001c016c6a1af sp=0x0000001be9ffe568 mode 2
Event: 226.109 Thread 0x000001c02ea99800 Uncommon trap: trap_request=0xffffffc6 fr.pc=0x000001c01ea303d8 relative=0x0000000000000398
Event: 226.109 Thread 0x000001c02ea99800 Uncommon trap: reason=bimorphic_or_optimized_type_check action=maybe_recompile pc=0x000001c01ea303d8 method=org.hsqldb.lib.HsqlByteArrayOutputStream.write(I)V @ 2 c2
Event: 226.109 Thread 0x000001c02ea99800 DEOPT PACKING pc=0x000001c01ea303d8 sp=0x0000001be9ffe590
Event: 226.109 Thread 0x000001c02ea99800 DEOPT UNPACKING pc=0x000001c016c6a1af sp=0x0000001be9ffe568 mode 2
Event: 226.109 Thread 0x000001c02ea99800 Uncommon trap: trap_request=0xffffffc6 fr.pc=0x000001c01ea303d8 relative=0x0000000000000398
Event: 226.109 Thread 0x000001c02ea99800 Uncommon trap: reason=bimorphic_or_optimized_type_check action=maybe_recompile pc=0x000001c01ea303d8 method=org.hsqldb.lib.HsqlByteArrayOutputStream.write(I)V @ 2 c2
Event: 226.109 Thread 0x000001c02ea99800 DEOPT PACKING pc=0x000001c01ea303d8 sp=0x0000001be9ffe590
Event: 226.109 Thread 0x000001c02ea99800 DEOPT UNPACKING pc=0x000001c016c6a1af sp=0x0000001be9ffe568 mode 2

Classes redefined (0 events):
No events

Internal exceptions (20 events):
Event: 351.972 Thread 0x000001c02df53800 Exception <a 'java/net/SocketTimeoutException'{0x0000000087346870}: Accept timed out> (0x0000000087346870) thrown at [./src/hotspot/share/prims/jni.cpp, line 638]
Event: 352.977 Thread 0x000001c02df53800 Exception <a 'java/net/SocketTimeoutException'{0x0000000087346c98}: Accept timed out> (0x0000000087346c98) thrown at [./src/hotspot/share/prims/jni.cpp, line 638]
Event: 353.992 Thread 0x000001c02df53800 Exception <a 'java/net/SocketTimeoutException'{0x00000000873470c0}: Accept timed out> (0x00000000873470c0) thrown at [./src/hotspot/share/prims/jni.cpp, line 638]
Event: 355.002 Thread 0x000001c02df53800 Exception <a 'java/net/SocketTimeoutException'{0x00000000873474e8}: Accept timed out> (0x00000000873474e8) thrown at [./src/hotspot/share/prims/jni.cpp, line 638]
Event: 356.016 Thread 0x000001c02df53800 Exception <a 'java/net/SocketTimeoutException'{0x0000000087347910}: Accept timed out> (0x0000000087347910) thrown at [./src/hotspot/share/prims/jni.cpp, line 638]
Event: 357.031 Thread 0x000001c02df53800 Exception <a 'java/net/SocketTimeoutException'{0x0000000087347d38}: Accept timed out> (0x0000000087347d38) thrown at [./src/hotspot/share/prims/jni.cpp, line 638]
Event: 358.034 Thread 0x000001c02df53800 Exception <a 'java/net/SocketTimeoutException'{0x0000000087348160}: Accept timed out> (0x0000000087348160) thrown at [./src/hotspot/share/prims/jni.cpp, line 638]
Event: 359.045 Thread 0x000001c02df53800 Exception <a 'java/net/SocketTimeoutException'{0x0000000087348588}: Accept timed out> (0x0000000087348588) thrown at [./src/hotspot/share/prims/jni.cpp, line 638]
Event: 360.051 Thread 0x000001c02df53800 Exception <a 'java/net/SocketTimeoutException'{0x00000000873489b0}: Accept timed out> (0x00000000873489b0) thrown at [./src/hotspot/share/prims/jni.cpp, line 638]
Event: 361.054 Thread 0x000001c02df53800 Exception <a 'java/net/SocketTimeoutException'{0x0000000087348dd8}: Accept timed out> (0x0000000087348dd8) thrown at [./src/hotspot/share/prims/jni.cpp, line 638]
Event: 362.067 Thread 0x000001c02df53800 Exception <a 'java/net/SocketTimeoutException'{0x0000000087349200}: Accept timed out> (0x0000000087349200) thrown at [./src/hotspot/share/prims/jni.cpp, line 638]
Event: 363.073 Thread 0x000001c02df53800 Exception <a 'java/net/SocketTimeoutException'{0x0000000087349628}: Accept timed out> (0x0000000087349628) thrown at [./src/hotspot/share/prims/jni.cpp, line 638]
Event: 364.074 Thread 0x000001c02df53800 Exception <a 'java/net/SocketTimeoutException'{0x0000000087349a50}: Accept timed out> (0x0000000087349a50) thrown at [./src/hotspot/share/prims/jni.cpp, line 638]
Event: 365.086 Thread 0x000001c02df53800 Exception <a 'java/net/SocketTimeoutException'{0x000000008734c578}: Accept timed out> (0x000000008734c578) thrown at [./src/hotspot/share/prims/jni.cpp, line 638]
Event: 366.089 Thread 0x000001c02df53800 Exception <a 'java/net/SocketTimeoutException'{0x000000008734c9a0}: Accept timed out> (0x000000008734c9a0) thrown at [./src/hotspot/share/prims/jni.cpp, line 638]
Event: 367.091 Thread 0x000001c02df53800 Exception <a 'java/net/SocketTimeoutException'{0x000000008734cdc8}: Accept timed out> (0x000000008734cdc8) thrown at [./src/hotspot/share/prims/jni.cpp, line 638]
Event: 368.098 Thread 0x000001c02df53800 Exception <a 'java/net/SocketTimeoutException'{0x000000008734d1f0}: Accept timed out> (0x000000008734d1f0) thrown at [./src/hotspot/share/prims/jni.cpp, line 638]
Event: 369.099 Thread 0x000001c02df53800 Exception <a 'java/net/SocketTimeoutException'{0x000000008734d618}: Accept timed out> (0x000000008734d618) thrown at [./src/hotspot/share/prims/jni.cpp, line 638]
Event: 370.102 Thread 0x000001c02df53800 Exception <a 'java/net/SocketTimeoutException'{0x000000008734da40}: Accept timed out> (0x000000008734da40) thrown at [./src/hotspot/share/prims/jni.cpp, line 638]
Event: 371.104 Thread 0x000001c02df53800 Exception <a 'java/net/SocketTimeoutException'{0x000000008734de68}: Accept timed out> (0x000000008734de68) thrown at [./src/hotspot/share/prims/jni.cpp, line 638]

Events (20 events):
Event: 221.811 Executing VM operation: RevokeBias
Event: 221.811 Executing VM operation: RevokeBias done
Event: 221.848 Executing VM operation: RevokeBias
Event: 221.848 Executing VM operation: RevokeBias done
Event: 226.106 loading class org/hsqldb/navigator/RowSetNavigatorDataChangeMemory
Event: 226.106 loading class org/hsqldb/navigator/RowSetNavigatorDataChangeMemory done
Event: 226.107 loading class org/hsqldb/lib/OrderedLongKeyHashMap
Event: 226.107 loading class org/hsqldb/lib/OrderedLongKeyHashMap done
Event: 226.284 Executing VM operation: RevokeBias
Event: 226.285 Executing VM operation: RevokeBias done
Event: 240.807 Executing VM operation: RevokeBias
Event: 240.807 Executing VM operation: RevokeBias done
Event: 240.807 Thread 0x000001c02ea99800 Thread exited: 0x000001c02ea99800
Event: 245.339 Executing VM operation: RevokeBias
Event: 245.339 Executing VM operation: RevokeBias done
Event: 245.396 Thread 0x000001c02ea99800 Thread added: 0x000001c02ea99800
Event: 245.397 Thread 0x000001c02ea99800 Thread exited: 0x000001c02ea99800
Event: 245.408 Executing VM operation: RevokeBias
Event: 245.408 Executing VM operation: RevokeBias done
Event: 371.240 Executing VM operation: G1CollectForAllocation


Dynamic libraries:
0x00007ff701fc0000 - 0x00007ff701fcd000 	C:\Users\Soporte\Documents\Nueva carpeta\openxava-studio-7-r3\studio\jre\bin\javaw.exe
0x00007ffdd19b0000 - 0x00007ffdd1bc4000 	C:\Windows\SYSTEM32\ntdll.dll
0x00007ffdcff90000 - 0x00007ffdd0053000 	C:\Windows\System32\KERNEL32.DLL
0x00007ffdcf090000 - 0x00007ffdcf42d000 	C:\Windows\System32\KERNELBASE.dll
0x00007ffdcef40000 - 0x00007ffdcf051000 	C:\Windows\System32\ucrtbase.dll
0x00007ffdba2c0000 - 0x00007ffdba2d7000 	C:\Users\Soporte\Documents\Nueva carpeta\openxava-studio-7-r3\studio\jre\bin\jli.dll
0x00007ffdcfd30000 - 0x00007ffdcfedd000 	C:\Windows\System32\USER32.dll
0x00007ffdcf060000 - 0x00007ffdcf086000 	C:\Windows\System32\win32u.dll
0x00007ffdd0260000 - 0x00007ffdd0289000 	C:\Windows\System32\GDI32.dll
0x00007ffdcf620000 - 0x00007ffdcf732000 	C:\Windows\System32\gdi32full.dll
0x00007ffdcf740000 - 0x00007ffdcf7da000 	C:\Windows\System32\msvcp_win.dll
0x00007ffdcc1f0000 - 0x00007ffdcc205000 	C:\Users\Soporte\Documents\Nueva carpeta\openxava-studio-7-r3\studio\jre\bin\VCRUNTIME140.dll
0x00007ffdbf650000 - 0x00007ffdbf8de000 	C:\Windows\WinSxS\amd64_microsoft.windows.common-controls_6595b64144ccf1df_6.0.22621.608_none_a9444ca7c10bb01d\COMCTL32.dll
0x00007ffdcfee0000 - 0x00007ffdcff87000 	C:\Windows\System32\msvcrt.dll
0x00007ffdd13d0000 - 0x00007ffdd1402000 	C:\Windows\System32\IMM32.DLL
0x00007ffdb7c10000 - 0x00007ffdb7cab000 	C:\Users\Soporte\Documents\Nueva carpeta\openxava-studio-7-r3\studio\jre\bin\msvcp140.dll
0x00007ffd86a70000 - 0x00007ffd875f2000 	C:\Users\Soporte\Documents\Nueva carpeta\openxava-studio-7-r3\studio\jre\bin\server\jvm.dll
0x00007ffdd16f0000 - 0x00007ffdd179e000 	C:\Windows\System32\ADVAPI32.dll
0x00007ffdcf7e0000 - 0x00007ffdcf884000 	C:\Windows\System32\sechost.dll
0x00007ffdd0290000 - 0x00007ffdd03a5000 	C:\Windows\System32\RPCRT4.dll
0x00007ffdcf900000 - 0x00007ffdcf908000 	C:\Windows\System32\PSAPI.DLL
0x00007ffdbc870000 - 0x00007ffdbc879000 	C:\Windows\SYSTEM32\WSOCK32.dll
0x00007ffdcfcb0000 - 0x00007ffdcfd21000 	C:\Windows\System32\WS2_32.dll
0x00007ffdbe2b0000 - 0x00007ffdbe2e4000 	C:\Windows\SYSTEM32\WINMM.dll
0x00007ffdc0770000 - 0x00007ffdc077a000 	C:\Windows\SYSTEM32\VERSION.dll
0x00007ffdcdea0000 - 0x00007ffdcdeb8000 	C:\Windows\SYSTEM32\kernel.appcore.dll
0x00007ffdc4ac0000 - 0x00007ffdc4ad0000 	C:\Users\Soporte\Documents\Nueva carpeta\openxava-studio-7-r3\studio\jre\bin\verify.dll
0x00007ffdbeb10000 - 0x00007ffdbed3e000 	C:\Windows\SYSTEM32\DBGHELP.DLL
0x00007ffdcf920000 - 0x00007ffdcfcaa000 	C:\Windows\System32\combase.dll
0x00007ffdd0ba0000 - 0x00007ffdd0c77000 	C:\Windows\System32\OLEAUT32.dll
0x00007ffdbe600000 - 0x00007ffdbe632000 	C:\Windows\SYSTEM32\dbgcore.DLL
0x00007ffdcf430000 - 0x00007ffdcf4ab000 	C:\Windows\System32\bcryptPrimitives.dll
0x00007ffdbb1d0000 - 0x00007ffdbb1f8000 	C:\Users\Soporte\Documents\Nueva carpeta\openxava-studio-7-r3\studio\jre\bin\java.dll
0x00007ffdc2670000 - 0x00007ffdc267a000 	C:\Users\Soporte\Documents\Nueva carpeta\openxava-studio-7-r3\studio\jre\bin\jimage.dll
0x00007ffdba2a0000 - 0x00007ffdba2b8000 	C:\Users\Soporte\Documents\Nueva carpeta\openxava-studio-7-r3\studio\jre\bin\zip.dll
0x00007ffdd03b0000 - 0x00007ffdd0b9f000 	C:\Windows\System32\SHELL32.dll
0x00007ffdcce70000 - 0x00007ffdcd738000 	C:\Windows\SYSTEM32\windows.storage.dll
0x00007ffdccd30000 - 0x00007ffdcce6e000 	C:\Windows\SYSTEM32\wintypes.dll
0x00007ffdd0060000 - 0x00007ffdd0151000 	C:\Windows\System32\SHCORE.dll
0x00007ffdd17b0000 - 0x00007ffdd180e000 	C:\Windows\System32\shlwapi.dll
0x00007ffdced40000 - 0x00007ffdced61000 	C:\Windows\SYSTEM32\profapi.dll
0x00007ffdba280000 - 0x00007ffdba299000 	C:\Users\Soporte\Documents\Nueva carpeta\openxava-studio-7-r3\studio\jre\bin\net.dll
0x00007ffdc9600000 - 0x00007ffdc972f000 	C:\Windows\SYSTEM32\WINHTTP.dll
0x00007ffdce300000 - 0x00007ffdce369000 	C:\Windows\system32\mswsock.dll
0x00007ffdba260000 - 0x00007ffdba273000 	C:\Users\Soporte\Documents\Nueva carpeta\openxava-studio-7-r3\studio\jre\bin\nio.dll
0x00007ffdcdec0000 - 0x00007ffdcdef4000 	C:\Windows\SYSTEM32\ntmarta.dll
0x00007ffdc42a0000 - 0x00007ffdc42a9000 	C:\Users\Soporte\Documents\Nueva carpeta\openxava-studio-7-r3\studio\jre\bin\management.dll
0x00007ffdc2390000 - 0x00007ffdc239b000 	C:\Users\Soporte\Documents\Nueva carpeta\openxava-studio-7-r3\studio\jre\bin\management_ext.dll
0x00007ffdc11b0000 - 0x00007ffdc11be000 	C:\Users\Soporte\Documents\Nueva carpeta\openxava-studio-7-r3\studio\jre\bin\sunmscapi.dll
0x00007ffdcf4b0000 - 0x00007ffdcf616000 	C:\Windows\System32\CRYPT32.dll
0x00007ffdce6b0000 - 0x00007ffdce6dd000 	C:\Windows\SYSTEM32\ncrypt.dll
0x00007ffdce670000 - 0x00007ffdce6a7000 	C:\Windows\SYSTEM32\NTASN1.dll
0x00007ffdb7b50000 - 0x00007ffdb7b75000 	C:\Users\Soporte\Documents\Nueva carpeta\openxava-studio-7-r3\studio\jre\bin\sunec.dll
0x00007ffdce550000 - 0x00007ffdce56b000 	C:\Windows\SYSTEM32\CRYPTSP.dll
0x00007ffdcde10000 - 0x00007ffdcde45000 	C:\Windows\system32\rsaenh.dll
0x00007ffdce3f0000 - 0x00007ffdce418000 	C:\Windows\SYSTEM32\USERENV.dll
0x00007ffdce6e0000 - 0x00007ffdce708000 	C:\Windows\SYSTEM32\bcrypt.dll
0x00007ffdce570000 - 0x00007ffdce57c000 	C:\Windows\SYSTEM32\CRYPTBASE.dll
0x00007ffdcd9d0000 - 0x00007ffdcd9fd000 	C:\Windows\SYSTEM32\IPHLPAPI.DLL
0x00007ffdd17a0000 - 0x00007ffdd17a9000 	C:\Windows\System32\NSI.dll
0x00007ffdc9440000 - 0x00007ffdc9459000 	C:\Windows\SYSTEM32\dhcpcsvc6.DLL
0x00007ffdc9420000 - 0x00007ffdc943f000 	C:\Windows\SYSTEM32\dhcpcsvc.DLL
0x00007ffdcda50000 - 0x00007ffdcdb42000 	C:\Windows\SYSTEM32\DNSAPI.dll
0x00007ffdbdea0000 - 0x00007ffdbdeb7000 	C:\Windows\system32\napinsp.dll
0x00007ffdbde80000 - 0x00007ffdbde9b000 	C:\Windows\system32\pnrpnsp.dll
0x00007ffdbde60000 - 0x00007ffdbde71000 	C:\Windows\System32\winrnr.dll
0x00007ffdbdd60000 - 0x00007ffdbdd75000 	C:\Windows\system32\wshbth.dll
0x00007ffdbdd30000 - 0x00007ffdbdd51000 	C:\Windows\system32\nlansp_c.dll
0x00007ffdc3fc0000 - 0x00007ffdc3fca000 	C:\Windows\System32\rasadhlp.dll
0x00007ffdc8af0000 - 0x00007ffdc8b73000 	C:\Windows\System32\fwpuclnt.dll
0x00007ffd86800000 - 0x00007ffd8699a000 	C:\Users\Soporte\Documents\Nueva carpeta\openxava-studio-7-r3\studio\jre\bin\awt.dll
0x00007ffdcc2b0000 - 0x00007ffdcc347000 	C:\Windows\SYSTEM32\apphelp.dll

dbghelp: loaded successfully - version: 4.0.5 - missing functions: none
symbol engine: initialized successfully - sym options: 0x614 - pdb path: .;C:\Users\Soporte\Documents\Nueva carpeta\openxava-studio-7-r3\studio\jre\bin;C:\Windows\SYSTEM32;C:\Windows\WinSxS\amd64_microsoft.windows.common-controls_6595b64144ccf1df_6.0.22621.608_none_a9444ca7c10bb01d;C:\Users\Soporte\Documents\Nueva carpeta\openxava-studio-7-r3\studio\jre\bin\server

VM Arguments:
jvm_args: -Dfile.encoding=ISO-8859-1 
java_command: com.sta.cashtill.run.cashtill
java_class_path (initial): C:\Users\Soporte\git\calculadoraPagos\target\classes;C:\Users\Soporte\.m2\repository\org\openxava\openxava\7.4.3\openxava-7.4.3.jar;C:\Users\Soporte\.m2\repository\junit\junit\4.13.2\junit-4.13.2.jar;C:\Users\Soporte\.m2\repository\org\hamcrest\hamcrest-core\1.3\hamcrest-core-1.3.jar;C:\Users\Soporte\.m2\repository\javax\inject\javax.inject\1\javax.inject-1.jar;C:\Users\Soporte\.m2\repository\javax\ejb\ejb-api\3.0\ejb-api-3.0.jar;C:\Users\Soporte\.m2\repository\javax\persistence\javax.persistence-api\2.2\javax.persistence-api-2.2.jar;C:\Users\Soporte\.m2\repository\javax\validation\validation-api\2.0.1.Final\validation-api-2.0.1.Final.jar;C:\Users\Soporte\.m2\repository\commons-lang\commons-lang\2.6\commons-lang-2.6.jar;C:\Users\Soporte\.m2\repository\commons-io\commons-io\2.16.1\commons-io-2.16.1.jar;C:\Users\Soporte\.m2\repository\commons-logging\commons-logging\1.3.4\commons-logging-1.3.4.jar;C:\Users\Soporte\.m2\repository\commons-collections\commons-collections\3.2.2\commons-collections-3.2.2.jar;C:\Users\Soporte\.m2\repository\commons-validator\commons-validator\1.9.0\commons-validator-1.9.0.jar;C:\Users\Soporte\.m2\repository\commons-beanutils\commons-beanutils\1.9.4\commons-beanutils-1.9.4.jar;C:\Users\Soporte\.m2\repository\commons-digester\commons-digester\2.1\commons-digester-2.1.jar;C:\Users\Soporte\.m2\repository\commons-fileupload\commons-fileupload\1.5\commons-fileupload-1.5.jar;C:\Users\Soporte\.m2\repository\org\hibernate\hibernate-core\5.6.15.Final\hibernate-core-5.6.15.Final.jar;C:\Users\Soporte\.m2\repository\org\jboss\logging\jboss-logging\3.4.3.Final\jboss-logging-3.4.3.Final.jar;C:\Users\Soporte\.m2\repository\net\bytebuddy\byte-buddy\1.12.18\byte-buddy-1.12.18.jar;C:\Users\Soporte\.m2\repository\antlr\antlr\2.7.7\antlr-2.7.7.jar;C:\Users\Soporte\.m2\repository\org\jboss\spec\javax\transaction\jboss-transaction-api_1.2_spec\1.1.1.Final\jboss-transaction-api_1.2_spec-1.1.1.Final.jar;C:\Users\Soporte\.m2\repository\o
Launcher Type: SUN_STANDARD

[Global flags]
     intx CICompilerCount                          = 3                                         {product} {ergonomic}
     uint ConcGCThreads                            = 1                                         {product} {ergonomic}
     uint G1ConcRefinementThreads                  = 4                                         {product} {ergonomic}
   size_t G1HeapRegionSize                         = 1048576                                   {product} {ergonomic}
    uintx GCDrainStackTargetSize                   = 64                                        {product} {ergonomic}
   size_t InitialHeapSize                          = 134217728                                 {product} {ergonomic}
   size_t MarkStackSize                            = 4194304                                   {product} {ergonomic}
   size_t MaxHeapSize                              = 2120220672                                {product} {ergonomic}
   size_t MaxNewSize                               = 1271922688                                {product} {ergonomic}
   size_t MinHeapDeltaBytes                        = 1048576                                   {product} {ergonomic}
    uintx NonNMethodCodeHeapSize                   = 5830732                                {pd product} {ergonomic}
    uintx NonProfiledCodeHeapSize                  = 122913754                              {pd product} {ergonomic}
    uintx ProfiledCodeHeapSize                     = 122913754                              {pd product} {ergonomic}
    uintx ReservedCodeCacheSize                    = 251658240                              {pd product} {ergonomic}
     bool SegmentedCodeCache                       = true                                      {product} {ergonomic}
     bool UseCompressedClassPointers               = true                                 {lp64_product} {ergonomic}
     bool UseCompressedOops                        = true                                 {lp64_product} {ergonomic}
     bool UseG1GC                                  = true                                      {product} {ergonomic}
     bool UseLargePagesIndividualAllocation        = false                                  {pd product} {ergonomic}

Logging:
Log output configuration:
 #0: stdout all=warning uptime,level,tags
 #1: stderr all=off uptime,level,tags

Environment Variables:
PATH=c:/users/soporte/documents/nueva carpeta/openxava-studio-7-r3//studio/jre/bin/server;c:/users/soporte/documents/nueva carpeta/openxava-studio-7-r3//studio/jre/bin;C:\Program Files (x86)\Common Files\Oracle\Java\java8path;C:\Program Files (x86)\Common Files\Oracle\Java\javapath;C:\Windows\system32;C:\Windows;C:\Windows\System32\Wbem;C:\Windows\System32\WindowsPowerShell\v1.0\;C:\Windows\System32\OpenSSH\;C:\Users\Soporte\AppData\Local\Microsoft\WindowsApps;C:\Users\Soporte\AppData\Local\GitHubDesktop\bin;C:\Users\Soporte\Documents\Nueva carpeta\openxava-studio-7-r3;
USERNAME=Soporte
OS=Windows_NT
PROCESSOR_IDENTIFIER=Intel64 Family 6 Model 58 Stepping 9, GenuineIntel
TMP=C:\Users\Soporte\AppData\Local\Temp
TEMP=C:\Users\Soporte\AppData\Local\Temp



---------------  S Y S T E M  ---------------

OS: Windows 11 , 64 bit Build 22621 (10.0.22621.963)
OS uptime: 0 days 1:33 hours

CPU:total 4 (initial active 4) (2 cores per cpu, 2 threads per core) family 6 model 58 stepping 9 microcode 0x21, cmov, cx8, fxsr, mmx, sse, sse2, sse3, ssse3, sse4.1, sse4.2, popcnt, avx, clmul, erms, ht, tsc, tscinvbit, tscinv

Memory: 4k page, system-wide physical 8087M (4299M free)
TotalPageFile size 8215M (AvailPageFile size 4419M)
current process WorkingSet (physical memory assigned to process): 321M, peak: 373M
current process commit charge ("private bytes"): 351M, peak: 409M

vm_info: OpenJDK 64-Bit Server VM (11.0.16+8) for windows-amd64 JRE (11.0.16+8), built on Jul 20 2022 07:15:32 by "" with MS VC++ 15.9 (VS2017)

END.
