/*C3*/SET SCHEMA PUBLIC
DISCONNECT
/*C4*/SET SCHEMA PUBLIC
INSERT INTO REGISTRADORA VALUES('402881a69341762901934176571e0000',0,NULL,'2024-11-18 19:48:00.000000',NULL)
DELETE FROM CAJA WHERE ID='402881a693413d340193413fc71f0002'
INSERT INTO CAJA VALUES('402881a693413d340193413fc71f0002',100,1000.00,'402881a6934135dd0193413762e10009','402881a693416bc90193416e162b0001',0)
DELETE FROM CAJA WHERE ID='402881a693413d340193413fc71f0002'
INSERT INTO CAJA VALUES('402881a693413d340193413fc71f0002',100,1000.00,'402881a6934135dd0193413762e10009','402881a69341762901934176571e0000',0)
COMMIT
DELETE FROM CAJA WHERE ID='402881a693413d340193413fc71f0002'
INSERT INTO CAJA VALUES('402881a693413d340193413fc71f0002',100,1000.00,'402881a6934135dd0193413762e10009','402881a69341762901934176571e0000',0)
DELETE FROM CAJA WHERE ID='402881a693415ca10193416007d90003'
INSERT INTO CAJA VALUES('402881a693415ca10193416007d90003',200,100000.00,'402881a6934135dd01934136a8790005','402881a693416bc90193416e162b0001',1)
DELETE FROM CAJA WHERE ID='402881a693415ca10193416007d90003'
INSERT INTO CAJA VALUES('402881a693415ca10193416007d90003',200,100000.00,'402881a6934135dd01934136a8790005','402881a69341762901934176571e0000',1)
COMMIT
DELETE FROM CAJA WHERE ID='402881a693413d340193413fc71f0002'
INSERT INTO CAJA VALUES('402881a693413d340193413fc71f0002',100,1000.00,'402881a6934135dd0193413762e10009','402881a69341762901934176571e0000',0)
DELETE FROM CAJA WHERE ID='402881a693415ca10193416007d90003'
INSERT INTO CAJA VALUES('402881a693415ca10193416007d90003',200,100000.00,'402881a6934135dd01934136a8790005','402881a69341762901934176571e0000',1)
DELETE FROM CAJA WHERE ID='402881a693415ca10193415fcfde0002'
INSERT INTO CAJA VALUES('402881a693415ca10193415fcfde0002',500,500000.00,'402881a6934135dd01934136bb5a0006','402881a693416bc90193416e162b0001',2)
DELETE FROM CAJA WHERE ID='402881a693415ca10193415fcfde0002'
INSERT INTO CAJA VALUES('402881a693415ca10193415fcfde0002',500,500000.00,'402881a6934135dd01934136bb5a0006','402881a69341762901934176571e0000',2)
COMMIT
DELETE FROM CAJA WHERE ID='402881a693413d340193413fc71f0002'
INSERT INTO CAJA VALUES('402881a693413d340193413fc71f0002',100,1000.00,'402881a6934135dd0193413762e10009','402881a69341762901934176571e0000',0)
DELETE FROM CAJA WHERE ID='402881a693415ca10193416007d90003'
INSERT INTO CAJA VALUES('402881a693415ca10193416007d90003',200,100000.00,'402881a6934135dd01934136a8790005','402881a69341762901934176571e0000',1)
DELETE FROM CAJA WHERE ID='402881a693415ca10193415fcfde0002'
INSERT INTO CAJA VALUES('402881a693415ca10193415fcfde0002',500,500000.00,'402881a6934135dd01934136bb5a0006','402881a69341762901934176571e0000',2)
DELETE FROM CAJA WHERE ID='402881a693415ca10193415f6f700001'
INSERT INTO CAJA VALUES('402881a693415ca10193415f6f700001',50,1000000.00,'402881a693413d340193413dccf40000','402881a693416bc90193416e162b0001',3)
DELETE FROM CAJA WHERE ID='402881a693415ca10193415f6f700001'
INSERT INTO CAJA VALUES('402881a693415ca10193415f6f700001',50,1000000.00,'402881a693413d340193413dccf40000','402881a69341762901934176571e0000',3)
COMMIT
INSERT INTO REGISTRADORA VALUES('402881a6934176290193417722250001',0,NULL,'2024-11-18 19:49:00.000000',NULL)
DELETE FROM CAJA WHERE ID='402881a693413d340193413fc71f0002'
INSERT INTO CAJA VALUES('402881a693413d340193413fc71f0002',100,1000.00,'402881a6934135dd0193413762e10009','402881a69341762901934176571e0000',0)
DELETE FROM CAJA WHERE ID='402881a693413d340193413fc71f0002'
INSERT INTO CAJA VALUES('402881a693413d340193413fc71f0002',100,1000.00,'402881a6934135dd0193413762e10009','402881a6934176290193417722250001',0)
COMMIT
