/*C3*/SET SCHEMA PUBLIC
DISCONNECT
/*C4*/SET SCHEMA PUBLIC
INSERT INTO CAJA VALUES('402881a79431cf93019431d037c40000',0,'$100.-',0.00,100)
COMMIT
INSERT INTO CAJAREGISTRADORA VALUES('ENTRADA','402881a79431cf93019431d0600e0001','RETIRO BANCARIO',FALSE,'Entrada de efectivo por extracci\u00f3n del Banco.\u000aRegistrado por admin el 04/01/2025 11:55:27\u000aBillete             Cantidad       Total          \u000a---------------------------------------------------\u000a$100.-              100            $10000.00      \u000a',NULL,'2025-01-04 11:55:27.246000',10000.00,'ENTRADA',10000.00,'admin',0.00,'402881a7942a776e01942a77a8560000')
INSERT INTO CAJAREGISTRADORA_DETALLE VALUES('402881a79431cf93019431d0600e0001','402881a79431cf93019431d037c40000',100,10000.00)
DELETE FROM CAJA WHERE ID='402881a79431cf93019431d037c40000'
INSERT INTO CAJA VALUES('402881a79431cf93019431d037c40000',100,'$100.-',10000.00,100)
COMMIT
INSERT INTO CAJAREGISTRADORA VALUES('SALIDA','402881a79431cf93019431d0d9740002','PAGO A PROVEEDORES',FALSE,'Salida de efectivo por pago a proveedor .\u000aRegistrado por admin el 04/01/2025 11:55:58\u000aBillete             Cantidad       Total          \u000a---------------------------------------------------\u000a$100.-              50             $5000.00       \u000a',NULL,'2025-01-04 11:55:58.324000',5000.00,'SALIDA',-5000.00,'admin',NULL,'402881a7942ad05001942ad0cea00000')
INSERT INTO CAJAREGISTRADORA_DETALLE VALUES('402881a79431cf93019431d0d9740002','402881a79431cf93019431d037c40000',50,5000.00)
DELETE FROM CAJA WHERE ID='402881a79431cf93019431d037c40000'
INSERT INTO CAJA VALUES('402881a79431cf93019431d037c40000',50,'$100.-',5000.00,100)
COMMIT
INSERT INTO CAJA VALUES('402881a79431cf93019431d17ada0003',0,'$2Mil.-',0.00,2000)
COMMIT
INSERT INTO CAJAREGISTRADORA VALUES('SALIDA','402881a79431cf93019431d25bdd0004','VUELTO',FALSE,'Devoluci\u00f3n por un Ingreso de caja Excedente.\u000aRegistrado por admin el 04/01/2025 11:57:37\u000aBillete             Cantidad       Total          \u000a---------------------------------------------------\u000a$100.-              10             $1000.00       \u000a',NULL,'2025-01-04 11:57:37.245000',1000.00,'SALIDA',-1000.00,'admin',NULL,'402881a7942f0ded01942f1c202b0001')
INSERT INTO CAJAREGISTRADORA_DETALLE VALUES('402881a79431cf93019431d25bdd0004','402881a79431cf93019431d037c40000',10,1000.00)
DELETE FROM CAJA WHERE ID='402881a79431cf93019431d037c40000'
INSERT INTO CAJA VALUES('402881a79431cf93019431d037c40000',40,'$100.-',4000.00,100)
COMMIT
INSERT INTO CAJAREGISTRADORA VALUES('ENTRADA','402881a79431cf93019431d2993f0005','RETIRO BANCARIO',TRUE,'Entrada de efectivo por extracci\u00f3n del Banco.\u000aRegistrado por admin el 04/01/2025 11:57:52\u000aBillete             Cantidad       Total          \u000a---------------------------------------------------\u000a$2Mil.-             1              $2000.00       \u000a',NULL,'2025-01-04 11:57:52.959000',1000.00,'ENTRADA',2000.00,'admin',1000.00,'402881a7942a776e01942a77a8560000')
INSERT INTO CAJAREGISTRADORA_DETALLE VALUES('402881a79431cf93019431d2993f0005','402881a79431cf93019431d17ada0003',1,2000.00)
DELETE FROM CAJA WHERE ID='402881a79431cf93019431d17ada0003'
INSERT INTO CAJA VALUES('402881a79431cf93019431d17ada0003',1,'$2Mil.-',2000.00,2000)
COMMIT
INSERT INTO CAJAREGISTRADORA VALUES('ENTRADA','402881a79431cf93019431d872eb0006','RETIRO BANCARIO',FALSE,'Entrada de efectivo por extracci\u00f3n del Banco.\u000aRegistrado por admin el 04/01/2025 12:04:16\u000aBillete             Cantidad       Total          \u000a---------------------------------------------------\u000a$100.-              10             $1000.00       \u000a',NULL,'2025-01-04 12:04:16.363000',1000.00,'ENTRADA',1000.00,'admin',0.00,'402881a7942a776e01942a77a8560000')
INSERT INTO CAJAREGISTRADORA_DETALLE VALUES('402881a79431cf93019431d872eb0006','402881a79431cf93019431d037c40000',10,1000.00)
DELETE FROM CAJA WHERE ID='402881a79431cf93019431d037c40000'
INSERT INTO CAJA VALUES('402881a79431cf93019431d037c40000',50,'$100.-',5000.00,100)
COMMIT
/*C5*/SET SCHEMA PUBLIC
DELETE FROM CAJAREGISTRADORA_DETALLE WHERE CAJAREGISTRADORA_ID='402881a79431cf93019431d0600e0001' AND CAJA_ID='402881a79431cf93019431d037c40000' AND CANTIDAD=100 AND TOTAL=10000.00
DELETE FROM CAJAREGISTRADORA_DETALLE WHERE CAJAREGISTRADORA_ID='402881a79431cf93019431d0d9740002' AND CAJA_ID='402881a79431cf93019431d037c40000' AND CANTIDAD=50 AND TOTAL=5000.00
DELETE FROM CAJAREGISTRADORA_DETALLE WHERE CAJAREGISTRADORA_ID='402881a79431cf93019431d25bdd0004' AND CAJA_ID='402881a79431cf93019431d037c40000' AND CANTIDAD=10 AND TOTAL=1000.00
DELETE FROM CAJAREGISTRADORA_DETALLE WHERE CAJAREGISTRADORA_ID='402881a79431cf93019431d2993f0005' AND CAJA_ID='402881a79431cf93019431d17ada0003' AND CANTIDAD=1 AND TOTAL=2000.00
DELETE FROM CAJAREGISTRADORA_DETALLE WHERE CAJAREGISTRADORA_ID='402881a79431cf93019431d872eb0006' AND CAJA_ID='402881a79431cf93019431d037c40000' AND CANTIDAD=10 AND TOTAL=1000.00
COMMIT
DELETE FROM CAJAREGISTRADORA WHERE ID='402881a79431cf93019431d0600e0001'
DELETE FROM CAJAREGISTRADORA WHERE ID='402881a79431cf93019431d0d9740002'
DELETE FROM CAJAREGISTRADORA WHERE ID='402881a79431cf93019431d25bdd0004'
DELETE FROM CAJAREGISTRADORA WHERE ID='402881a79431cf93019431d2993f0005'
DELETE FROM CAJAREGISTRADORA WHERE ID='402881a79431cf93019431d872eb0006'
COMMIT
DELETE FROM CAJA WHERE ID='402881a79431cf93019431d037c40000'
DELETE FROM CAJA WHERE ID='402881a79431cf93019431d17ada0003'
COMMIT
DISCONNECT
