/*C4*/SET SCHEMA PUBLIC
DISCONNECT
/*C5*/SET SCHEMA PUBLIC
INSERT INTO CAJAREGISTRADORA VALUES('ENTRADA','402881a693b3f19d0193b3f252460000','Retiro Bancario','Retiro de Efectivo del Banco\u000aDetalle de billetes ingresados por Admin el 11/12/2024 01:20:22:\u000aBillete             Cantidad       Total          \u000a---------------------------------------------------\u000a$10.-               10             $100.00        \u000a$100.-              5              $500.00        \u000a','2024-12-11 01:20:22.725000','ENTRADA',600.00,'Admin',NULL,NULL,NULL,'402881a693b0a8df0193b0ab09a80009')
INSERT INTO CAJAREGISTRADORA_DETALLE VALUES('402881a693b3f19d0193b3f252460000','$100.-',1,100.00)
INSERT INTO CAJAREGISTRADORA_DETALLE VALUES('402881a693b3f19d0193b3f252460000','$10.-',1,10.00)
INSERT INTO CAJAREGISTRADORA_DETALLE VALUES('402881a693b3f19d0193b3f252460000','$100.-',4,400.00)
INSERT INTO CAJAREGISTRADORA_DETALLE VALUES('402881a693b3f19d0193b3f252460000','$10.-',9,90.00)
DELETE FROM CAJA WHERE ID='$100.-'
INSERT INTO CAJA VALUES('$100.-',18,1800.00,'402881a693b0a8df0193b0a9d9ba0003')
DELETE FROM CAJA WHERE ID='$10.-'
INSERT INTO CAJA VALUES('$10.-',26,260.00,'402881a693b0a8df0193b0a939e30000')
DELETE FROM CAJA WHERE ID='$100.-'
INSERT INTO CAJA VALUES('$100.-',22,2200.00,'402881a693b0a8df0193b0a9d9ba0003')
DELETE FROM CAJA WHERE ID='$10.-'
INSERT INTO CAJA VALUES('$10.-',35,350.00,'402881a693b0a8df0193b0a939e30000')
COMMIT
DELETE FROM CAJA WHERE ID='$10.-'
INSERT INTO CAJA VALUES('$10.-',36,360.00,'402881a693b0a8df0193b0a939e30000')
DELETE FROM CAJA WHERE ID='$20.-'
INSERT INTO CAJA VALUES('$20.-',20,400.00,'402881a693b0a8df0193b0a9775e0001')
DELETE FROM CAJA WHERE ID='$10Mil.-'
INSERT INTO CAJA VALUES('$10Mil.-',13,130000.00,'402881a693b0a8df0193b0aaa00a0008')
DELETE FROM CAJA WHERE ID='$10Mil.-'
INSERT INTO CAJA VALUES('$10Mil.-',18,180000.00,'402881a693b0a8df0193b0aaa00a0008')
DELETE FROM CAJA WHERE ID='$50.-'
INSERT INTO CAJA VALUES('$50.-',37,1850.00,'402881a693b0a8df0193b0a9a6550002')
DELETE FROM CAJA WHERE ID='$2Mil.-'
INSERT INTO CAJA VALUES('$2Mil.-',24,48000.00,'402881a693b0a8df0193b0aa6ae90007')
DELETE FROM CAJA WHERE ID='$1Mil.-'
INSERT INTO CAJA VALUES('$1Mil.-',82,82000.00,'402881a693b0a8df0193b0aa45ba0006')
COMMIT
INSERT INTO CAJAREGISTRADORA VALUES('ENTRADA','402881a693b3f19d0193b3f34f070001','Retiro Bancario','Retiro de Efectivo del Banco\u000aDetalle de billetes ingresados por Admin el 11/12/2024 01:21:27:\u000aBillete             Cantidad       Total          \u000a---------------------------------------------------\u000a$10.-               1              $10.00         \u000a$20.-               3              $60.00         \u000a$50.-               2              $100.00        \u000a$1Mil.-             5              $5000.00       \u000a$2Mil.-             2              $4000.00       \u000a$10Mil.-            6              $60000.00      \u000a','2024-12-11 01:21:27.431000','ENTRADA',69170.00,'Admin',NULL,NULL,NULL,'402881a693b0a8df0193b0ab09a80009')
INSERT INTO CAJAREGISTRADORA_DETALLE VALUES('402881a693b3f19d0193b3f34f070001','$10.-',1,10.00)
INSERT INTO CAJAREGISTRADORA_DETALLE VALUES('402881a693b3f19d0193b3f34f070001','$20.-',3,60.00)
INSERT INTO CAJAREGISTRADORA_DETALLE VALUES('402881a693b3f19d0193b3f34f070001','$10Mil.-',1,10000.00)
INSERT INTO CAJAREGISTRADORA_DETALLE VALUES('402881a693b3f19d0193b3f34f070001','$10Mil.-',5,50000.00)
INSERT INTO CAJAREGISTRADORA_DETALLE VALUES('402881a693b3f19d0193b3f34f070001','$50.-',2,100.00)
INSERT INTO CAJAREGISTRADORA_DETALLE VALUES('402881a693b3f19d0193b3f34f070001','$2Mil.-',2,4000.00)
INSERT INTO CAJAREGISTRADORA_DETALLE VALUES('402881a693b3f19d0193b3f34f070001','$1Mil.-',5,5000.00)
DELETE FROM CAJA WHERE ID='$10.-'
INSERT INTO CAJA VALUES('$10.-',37,370.00,'402881a693b0a8df0193b0a939e30000')
DELETE FROM CAJA WHERE ID='$20.-'
INSERT INTO CAJA VALUES('$20.-',23,460.00,'402881a693b0a8df0193b0a9775e0001')
DELETE FROM CAJA WHERE ID='$10Mil.-'
INSERT INTO CAJA VALUES('$10Mil.-',19,190000.00,'402881a693b0a8df0193b0aaa00a0008')
DELETE FROM CAJA WHERE ID='$10Mil.-'
INSERT INTO CAJA VALUES('$10Mil.-',24,240000.00,'402881a693b0a8df0193b0aaa00a0008')
DELETE FROM CAJA WHERE ID='$50.-'
INSERT INTO CAJA VALUES('$50.-',39,1950.00,'402881a693b0a8df0193b0a9a6550002')
DELETE FROM CAJA WHERE ID='$2Mil.-'
INSERT INTO CAJA VALUES('$2Mil.-',26,52000.00,'402881a693b0a8df0193b0aa6ae90007')
DELETE FROM CAJA WHERE ID='$1Mil.-'
INSERT INTO CAJA VALUES('$1Mil.-',87,87000.00,'402881a693b0a8df0193b0aa45ba0006')
COMMIT
INSERT INTO CAJAREGISTRADORA VALUES('SALIDA','402881a693b3f19d0193b3f4edb00002','Caja Chica','Salida de Efectivo por gastos varios de caja chica','2024-12-11 01:23:13.584000','SALIDA',-419000.00,'Admin','MEJOR_AJUSTE',419000.00,NULL,'402881a693b0a8df0193b0ad4586000b')
INSERT INTO CAJAREGISTRADORA_DETALLE VALUES('402881a693b3f19d0193b3f4edb00002','$10Mil.-',24,240000.00)
INSERT INTO CAJAREGISTRADORA_DETALLE VALUES('402881a693b3f19d0193b3f4edb00002','$2Mil.-',26,52000.00)
INSERT INTO CAJAREGISTRADORA_DETALLE VALUES('402881a693b3f19d0193b3f4edb00002','$1Mil.-',87,87000.00)
INSERT INTO CAJAREGISTRADORA_DETALLE VALUES('402881a693b3f19d0193b3f4edb00002','$500.-',64,32000.00)
INSERT INTO CAJAREGISTRADORA_DETALLE VALUES('402881a693b3f19d0193b3f4edb00002','$200.-',17,3400.00)
INSERT INTO CAJAREGISTRADORA_DETALLE VALUES('402881a693b3f19d0193b3f4edb00002','$100.-',22,2200.00)
INSERT INTO CAJAREGISTRADORA_DETALLE VALUES('402881a693b3f19d0193b3f4edb00002','$50.-',39,1950.00)
INSERT INTO CAJAREGISTRADORA_DETALLE VALUES('402881a693b3f19d0193b3f4edb00002','$20.-',22,440.00)
INSERT INTO CAJAREGISTRADORA_DETALLE VALUES('402881a693b3f19d0193b3f4edb00002','$10.-',1,10.00)
DELETE FROM CAJA WHERE ID='$10Mil.-'
INSERT INTO CAJA VALUES('$10Mil.-',0,0.00,'402881a693b0a8df0193b0aaa00a0008')
DELETE FROM CAJA WHERE ID='$2Mil.-'
INSERT INTO CAJA VALUES('$2Mil.-',0,0.00,'402881a693b0a8df0193b0aa6ae90007')
DELETE FROM CAJA WHERE ID='$1Mil.-'
INSERT INTO CAJA VALUES('$1Mil.-',0,0.00,'402881a693b0a8df0193b0aa45ba0006')
DELETE FROM CAJA WHERE ID='$500.-'
INSERT INTO CAJA VALUES('$500.-',0,0.00,'402881a693b0a8df0193b0aa1c780005')
DELETE FROM CAJA WHERE ID='$200.-'
INSERT INTO CAJA VALUES('$200.-',0,0.00,'402881a693b0a8df0193b0a9fd5d0004')
DELETE FROM CAJA WHERE ID='$100.-'
INSERT INTO CAJA VALUES('$100.-',0,0.00,'402881a693b0a8df0193b0a9d9ba0003')
DELETE FROM CAJA WHERE ID='$50.-'
INSERT INTO CAJA VALUES('$50.-',0,0.00,'402881a693b0a8df0193b0a9a6550002')
DELETE FROM CAJA WHERE ID='$20.-'
INSERT INTO CAJA VALUES('$20.-',1,20.00,'402881a693b0a8df0193b0a9775e0001')
DELETE FROM CAJA WHERE ID='$10.-'
INSERT INTO CAJA VALUES('$10.-',36,360.00,'402881a693b0a8df0193b0a939e30000')
COMMIT
